This file contains any messages produced by compilers while
running configure, to aid debugging if configure makes a mistake.

It was created by Haskell directory package configure 1.0, which was
generated by GNU Autoconf 2.69.  Invocation command line was

  $ ./configure 

## --------- ##
## Platform. ##
## --------- ##

hostname = localhost
uname -m = x86_64
uname -r = 3.18.5-x86_64-linode52
uname -s = Linux
uname -v = #1 SMP Thu Feb 5 12:18:36 EST 2015

/usr/bin/uname -p = unknown
/bin/uname -X     = unknown

/bin/arch              = unknown
/usr/bin/arch -k       = unknown
/usr/convex/getsysinfo = unknown
/usr/bin/hostinfo      = unknown
/bin/machine           = unknown
/usr/bin/oslevel       = unknown
/bin/universe          = unknown

PATH: /home/ben/.go/bin
PATH: /usr/local/scala-2.11.4/bin
PATH: /usr/local/heroku/bin
PATH: /usr/local/gradle/bin
PATH: /usr/local/Elm-Platform/0.13/bin
PATH: /home/ben/.hstools/.cabal-sandbox/bin
PATH: /home/ben/.cabal/bin
PATH: /home/ben/repo/dotfiles/bin
PATH: /home/ben/bin
PATH: /home/ben/.bin
PATH: /home/ben/hack/fay/.cabal-sandbox/bin
PATH: /home/ben/.gem/ruby/2.1.0/bin
PATH: /home/ben/hack/android/android-sdk-linux/tools
PATH: /opt/ghc/7.8.3/bin
PATH: /opt/cabal/1.20/bin
PATH: /usr/local/go/bin
PATH: /home/ben/.go/bin
PATH: /usr/local/scala-2.11.4/bin
PATH: /usr/local/heroku/bin
PATH: /usr/local/gradle/bin
PATH: /usr/local/Elm-Platform/0.13/bin
PATH: /home/ben/.hstools/.cabal-sandbox/bin
PATH: /home/ben/.cabal/bin
PATH: /home/ben/repo/dotfiles/bin
PATH: /home/ben/bin
PATH: /home/ben/.bin
PATH: /home/ben/hack/fay/.cabal-sandbox/bin
PATH: /home/ben/.gem/ruby/2.1.0/bin
PATH: /home/ben/hack/android/android-sdk-linux/tools
PATH: /opt/ghc/7.8.3/bin
PATH: /opt/cabal/1.20/bin
PATH: /usr/local/go/bin
PATH: /usr/local/sbin
PATH: /usr/local/bin
PATH: /usr/sbin
PATH: /usr/bin
PATH: /sbin
PATH: /bin
PATH: /usr/games
PATH: /usr/local/games
PATH: /home/ben/npm/bin
PATH: /home/ben/npm/bin


## ----------- ##
## Core tests. ##
## ----------- ##

configure:2040: checking for gcc
configure:2056: found /usr/bin/gcc
configure:2067: result: gcc
configure:2296: checking for C compiler version
configure:2305: gcc --version >&5
gcc (Ubuntu/Linaro 4.8.1-10ubuntu9) 4.8.1
Copyright (C) 2013 Free Software Foundation, Inc.
This is free software; see the source for copying conditions.  There is NO
warranty; not even for MERCHANTABILITY or FITNESS FOR A PARTICULAR PURPOSE.

configure:2316: $? = 0
configure:2305: gcc -v >&5
Using built-in specs.
COLLECT_GCC=gcc
COLLECT_LTO_WRAPPER=/usr/lib/gcc/x86_64-linux-gnu/4.8/lto-wrapper
Target: x86_64-linux-gnu
Configured with: ../src/configure -v --with-pkgversion='Ubuntu/Linaro 4.8.1-10ubuntu9' --with-bugurl=file:///usr/share/doc/gcc-4.8/README.Bugs --enable-languages=c,c++,java,go,d,fortran,objc,obj-c++ --prefix=/usr --program-suffix=-4.8 --enable-shared --enable-linker-build-id --libexecdir=/usr/lib --without-included-gettext --enable-threads=posix --with-gxx-include-dir=/usr/include/c++/4.8 --libdir=/usr/lib --enable-nls --with-sysroot=/ --enable-clocale=gnu --enable-libstdcxx-debug --enable-libstdcxx-time=yes --enable-gnu-unique-object --enable-plugin --with-system-zlib --disable-browser-plugin --enable-java-awt=gtk --enable-gtk-cairo --with-java-home=/usr/lib/jvm/java-1.5.0-gcj-4.8-amd64/jre --enable-java-home --with-jvm-root-dir=/usr/lib/jvm/java-1.5.0-gcj-4.8-amd64 --with-jvm-jar-dir=/usr/lib/jvm-exports/java-1.5.0-gcj-4.8-amd64 --with-arch-directory=amd64 --with-ecj-jar=/usr/share/java/eclipse-ecj.jar --enable-objc-gc --enable-multiarch --disable-werror --with-arch-32=i686 --with-abi=m64 --with-multilib-list=m32,m64,mx32 --with-tune=generic --enable-checking=release --build=x86_64-linux-gnu --host=x86_64-linux-gnu --target=x86_64-linux-gnu
Thread model: posix
gcc version 4.8.1 (Ubuntu/Linaro 4.8.1-10ubuntu9) 
configure:2316: $? = 0
configure:2305: gcc -V >&5
gcc: error: unrecognized command line option '-V'
gcc: fatal error: no input files
compilation terminated.
configure:2316: $? = 4
configure:2305: gcc -qversion >&5
gcc: error: unrecognized command line option '-qversion'
gcc: fatal error: no input files
compilation terminated.
configure:2316: $? = 4
configure:2336: checking whether the C compiler works
configure:2358: gcc    conftest.c  >&5
configure:2362: $? = 0
configure:2410: result: yes
configure:2413: checking for C compiler default output file name
configure:2415: result: a.out
configure:2421: checking for suffix of executables
configure:2428: gcc -o conftest    conftest.c  >&5
configure:2432: $? = 0
configure:2454: result: 
configure:2476: checking whether we are cross compiling
configure:2484: gcc -o conftest    conftest.c  >&5
configure:2488: $? = 0
configure:2495: ./conftest
configure:2499: $? = 0
configure:2514: result: no
configure:2519: checking for suffix of object files
configure:2541: gcc -c   conftest.c >&5
configure:2545: $? = 0
configure:2566: result: o
configure:2570: checking whether we are using the GNU C compiler
configure:2589: gcc -c   conftest.c >&5
configure:2589: $? = 0
configure:2598: result: yes
configure:2607: checking whether gcc accepts -g
configure:2627: gcc -c -g  conftest.c >&5
configure:2627: $? = 0
configure:2668: result: yes
configure:2685: checking for gcc option to accept ISO C89
configure:2748: gcc  -c -g -O2  conftest.c >&5
configure:2748: $? = 0
configure:2761: result: none needed
configure:2789: checking how to run the C preprocessor
configure:2820: gcc -E  conftest.c
configure:2820: $? = 0
configure:2834: gcc -E  conftest.c
conftest.c:9:28: fatal error: ac_nonexistent.h: No such file or directory
 #include <ac_nonexistent.h>
                            ^
compilation terminated.
configure:2834: $? = 1
configure: failed program was:
| /* confdefs.h */
| #define PACKAGE_NAME "Haskell directory package"
| #define PACKAGE_TARNAME "directory"
| #define PACKAGE_VERSION "1.0"
| #define PACKAGE_STRING "Haskell directory package 1.0"
| #define PACKAGE_BUGREPORT "libraries@haskell.org"
| #define PACKAGE_URL ""
| /* end confdefs.h.  */
| #include <ac_nonexistent.h>
configure:2859: result: gcc -E
configure:2879: gcc -E  conftest.c
configure:2879: $? = 0
configure:2893: gcc -E  conftest.c
conftest.c:9:28: fatal error: ac_nonexistent.h: No such file or directory
 #include <ac_nonexistent.h>
                            ^
compilation terminated.
configure:2893: $? = 1
configure: failed program was:
| /* confdefs.h */
| #define PACKAGE_NAME "Haskell directory package"
| #define PACKAGE_TARNAME "directory"
| #define PACKAGE_VERSION "1.0"
| #define PACKAGE_STRING "Haskell directory package 1.0"
| #define PACKAGE_BUGREPORT "libraries@haskell.org"
| #define PACKAGE_URL ""
| /* end confdefs.h.  */
| #include <ac_nonexistent.h>
configure:2922: checking for grep that handles long lines and -e
configure:2980: result: /bin/grep
configure:2985: checking for egrep
configure:3047: result: /bin/grep -E
configure:3052: checking for ANSI C header files
configure:3072: gcc -c -g -O2  conftest.c >&5
configure:3072: $? = 0
configure:3145: gcc -o conftest -g -O2   conftest.c  >&5
configure:3145: $? = 0
configure:3145: ./conftest
configure:3145: $? = 0
configure:3156: result: yes
configure:3169: checking for sys/types.h
configure:3169: gcc -c -g -O2  conftest.c >&5
configure:3169: $? = 0
configure:3169: result: yes
configure:3169: checking for sys/stat.h
configure:3169: gcc -c -g -O2  conftest.c >&5
configure:3169: $? = 0
configure:3169: result: yes
configure:3169: checking for stdlib.h
configure:3169: gcc -c -g -O2  conftest.c >&5
configure:3169: $? = 0
configure:3169: result: yes
configure:3169: checking for string.h
configure:3169: gcc -c -g -O2  conftest.c >&5
configure:3169: $? = 0
configure:3169: result: yes
configure:3169: checking for memory.h
configure:3169: gcc -c -g -O2  conftest.c >&5
configure:3169: $? = 0
configure:3169: result: yes
configure:3169: checking for strings.h
configure:3169: gcc -c -g -O2  conftest.c >&5
configure:3169: $? = 0
configure:3169: result: yes
configure:3169: checking for inttypes.h
configure:3169: gcc -c -g -O2  conftest.c >&5
configure:3169: $? = 0
configure:3169: result: yes
configure:3169: checking for stdint.h
configure:3169: gcc -c -g -O2  conftest.c >&5
configure:3169: $? = 0
configure:3169: result: yes
configure:3169: checking for unistd.h
configure:3169: gcc -c -g -O2  conftest.c >&5
configure:3169: $? = 0
configure:3169: result: yes
configure:3184: checking for sys/types.h
configure:3184: result: yes
configure:3184: checking for unistd.h
configure:3184: result: yes
configure:3184: checking for sys/stat.h
configure:3184: result: yes
configure:3309: creating ./config.status

## ---------------------- ##
## Running config.status. ##
## ---------------------- ##

This file was extended by Haskell directory package config.status 1.0, which was
generated by GNU Autoconf 2.69.  Invocation command line was

  CONFIG_FILES    = 
  CONFIG_HEADERS  = 
  CONFIG_LINKS    = 
  CONFIG_COMMANDS = 
  $ ./config.status 

on localhost

config.status:677: creating include/HsDirectoryConfig.h
config.status:767: include/HsDirectoryConfig.h is unchanged

## ---------------- ##
## Cache variables. ##
## ---------------- ##

ac_cv_c_compiler_gnu=yes
ac_cv_env_CC_set=
ac_cv_env_CC_value=
ac_cv_env_CFLAGS_set=
ac_cv_env_CFLAGS_value=
ac_cv_env_CPPFLAGS_set=
ac_cv_env_CPPFLAGS_value=
ac_cv_env_CPP_set=
ac_cv_env_CPP_value=
ac_cv_env_LDFLAGS_set=
ac_cv_env_LDFLAGS_value=
ac_cv_env_LIBS_set=
ac_cv_env_LIBS_value=
ac_cv_env_build_alias_set=
ac_cv_env_build_alias_value=
ac_cv_env_host_alias_set=
ac_cv_env_host_alias_value=
ac_cv_env_target_alias_set=
ac_cv_env_target_alias_value=
ac_cv_header_inttypes_h=yes
ac_cv_header_memory_h=yes
ac_cv_header_stdc=yes
ac_cv_header_stdint_h=yes
ac_cv_header_stdlib_h=yes
ac_cv_header_string_h=yes
ac_cv_header_strings_h=yes
ac_cv_header_sys_stat_h=yes
ac_cv_header_sys_types_h=yes
ac_cv_header_unistd_h=yes
ac_cv_objext=o
ac_cv_path_EGREP='/bin/grep -E'
ac_cv_path_GREP=/bin/grep
ac_cv_prog_CPP='gcc -E'
ac_cv_prog_ac_ct_CC=gcc
ac_cv_prog_cc_c89=
ac_cv_prog_cc_g=yes

## ----------------- ##
## Output variables. ##
## ----------------- ##

CC='gcc'
CFLAGS='-g -O2'
CPP='gcc -E'
CPPFLAGS=''
DEFS='-DHAVE_CONFIG_H'
ECHO_C=''
ECHO_N='-n'
ECHO_T=''
EGREP='/bin/grep -E'
EXEEXT=''
GREP='/bin/grep'
LDFLAGS=''
LIBOBJS=''
LIBS=''
LTLIBOBJS=''
OBJEXT='o'
PACKAGE_BUGREPORT='libraries@haskell.org'
PACKAGE_NAME='Haskell directory package'
PACKAGE_STRING='Haskell directory package 1.0'
PACKAGE_TARNAME='directory'
PACKAGE_URL=''
PACKAGE_VERSION='1.0'
PATH_SEPARATOR=':'
SHELL='/bin/bash'
ac_ct_CC='gcc'
bindir='${exec_prefix}/bin'
build_alias=''
datadir='${datarootdir}'
datarootdir='${prefix}/share'
docdir='${datarootdir}/doc/${PACKAGE_TARNAME}'
dvidir='${docdir}'
exec_prefix='${prefix}'
host_alias=''
htmldir='${docdir}'
includedir='${prefix}/include'
infodir='${datarootdir}/info'
libdir='${exec_prefix}/lib'
libexecdir='${exec_prefix}/libexec'
localedir='${datarootdir}/locale'
localstatedir='${prefix}/var'
mandir='${datarootdir}/man'
oldincludedir='/usr/include'
pdfdir='${docdir}'
prefix='/usr/local'
program_transform_name='s,x,x,'
psdir='${docdir}'
sbindir='${exec_prefix}/sbin'
sharedstatedir='${prefix}/com'
sysconfdir='${prefix}/etc'
target_alias=''

## ----------- ##
## confdefs.h. ##
## ----------- ##

/* confdefs.h */
#define PACKAGE_NAME "Haskell directory package"
#define PACKAGE_TARNAME "directory"
#define PACKAGE_VERSION "1.0"
#define PACKAGE_STRING "Haskell directory package 1.0"
#define PACKAGE_BUGREPORT "libraries@haskell.org"
#define PACKAGE_URL ""
#define STDC_HEADERS 1
#define HAVE_SYS_TYPES_H 1
#define HAVE_SYS_STAT_H 1
#define HAVE_STDLIB_H 1
#define HAVE_STRING_H 1
#define HAVE_MEMORY_H 1
#define HAVE_STRINGS_H 1
#define HAVE_INTTYPES_H 1
#define HAVE_STDINT_H 1
#define HAVE_UNISTD_H 1
#define HAVE_SYS_TYPES_H 1
#define HAVE_UNISTD_H 1
#define HAVE_SYS_STAT_H 1

configure: exit 0
