This file contains any messages produced by compilers while
running configure, to aid debugging if configure makes a mistake.

It was created by Haskell network package configure 2.3.0.14, which was
generated by GNU Autoconf 2.69.  Invocation command line was

  $ ./configure 

## --------- ##
## Platform. ##
## --------- ##

hostname = localhost
uname -m = x86_64
uname -r = 3.18.5-x86_64-linode52
uname -s = Linux
uname -v = #1 SMP Thu Feb 5 12:18:36 EST 2015

/usr/bin/uname -p = unknown
/bin/uname -X     = unknown

/bin/arch              = unknown
/usr/bin/arch -k       = unknown
/usr/convex/getsysinfo = unknown
/usr/bin/hostinfo      = unknown
/bin/machine           = unknown
/usr/bin/oslevel       = unknown
/bin/universe          = unknown

PATH: /home/ben/.go/bin
PATH: /usr/local/scala-2.11.4/bin
PATH: /usr/local/heroku/bin
PATH: /usr/local/gradle/bin
PATH: /usr/local/Elm-Platform/0.13/bin
PATH: /home/ben/.hstools/.cabal-sandbox/bin
PATH: /home/ben/.cabal/bin
PATH: /home/ben/repo/dotfiles/bin
PATH: /home/ben/bin
PATH: /home/ben/.bin
PATH: /home/ben/hack/fay/.cabal-sandbox/bin
PATH: /home/ben/.gem/ruby/2.1.0/bin
PATH: /home/ben/hack/android/android-sdk-linux/tools
PATH: /opt/ghc/7.8.3/bin
PATH: /opt/cabal/1.20/bin
PATH: /usr/local/go/bin
PATH: /home/ben/.go/bin
PATH: /usr/local/scala-2.11.4/bin
PATH: /usr/local/heroku/bin
PATH: /usr/local/gradle/bin
PATH: /usr/local/Elm-Platform/0.13/bin
PATH: /home/ben/.hstools/.cabal-sandbox/bin
PATH: /home/ben/.cabal/bin
PATH: /home/ben/repo/dotfiles/bin
PATH: /home/ben/bin
PATH: /home/ben/.bin
PATH: /home/ben/hack/fay/.cabal-sandbox/bin
PATH: /home/ben/.gem/ruby/2.1.0/bin
PATH: /home/ben/hack/android/android-sdk-linux/tools
PATH: /opt/ghc/7.8.3/bin
PATH: /opt/cabal/1.20/bin
PATH: /usr/local/go/bin
PATH: /usr/local/sbin
PATH: /usr/local/bin
PATH: /usr/sbin
PATH: /usr/bin
PATH: /sbin
PATH: /bin
PATH: /usr/games
PATH: /usr/local/games
PATH: /home/ben/npm/bin
PATH: /home/ben/npm/bin


## ----------- ##
## Core tests. ##
## ----------- ##

configure:2270: checking build system type
configure:2284: result: x86_64-unknown-linux-gnu
configure:2304: checking host system type
configure:2317: result: x86_64-unknown-linux-gnu
configure:2392: checking for gcc
configure:2408: found /usr/bin/gcc
configure:2419: result: gcc
configure:2648: checking for C compiler version
configure:2657: gcc --version >&5
gcc (Ubuntu/Linaro 4.8.1-10ubuntu9) 4.8.1
Copyright (C) 2013 Free Software Foundation, Inc.
This is free software; see the source for copying conditions.  There is NO
warranty; not even for MERCHANTABILITY or FITNESS FOR A PARTICULAR PURPOSE.

configure:2668: $? = 0
configure:2657: gcc -v >&5
Using built-in specs.
COLLECT_GCC=gcc
COLLECT_LTO_WRAPPER=/usr/lib/gcc/x86_64-linux-gnu/4.8/lto-wrapper
Target: x86_64-linux-gnu
Configured with: ../src/configure -v --with-pkgversion='Ubuntu/Linaro 4.8.1-10ubuntu9' --with-bugurl=file:///usr/share/doc/gcc-4.8/README.Bugs --enable-languages=c,c++,java,go,d,fortran,objc,obj-c++ --prefix=/usr --program-suffix=-4.8 --enable-shared --enable-linker-build-id --libexecdir=/usr/lib --without-included-gettext --enable-threads=posix --with-gxx-include-dir=/usr/include/c++/4.8 --libdir=/usr/lib --enable-nls --with-sysroot=/ --enable-clocale=gnu --enable-libstdcxx-debug --enable-libstdcxx-time=yes --enable-gnu-unique-object --enable-plugin --with-system-zlib --disable-browser-plugin --enable-java-awt=gtk --enable-gtk-cairo --with-java-home=/usr/lib/jvm/java-1.5.0-gcj-4.8-amd64/jre --enable-java-home --with-jvm-root-dir=/usr/lib/jvm/java-1.5.0-gcj-4.8-amd64 --with-jvm-jar-dir=/usr/lib/jvm-exports/java-1.5.0-gcj-4.8-amd64 --with-arch-directory=amd64 --with-ecj-jar=/usr/share/java/eclipse-ecj.jar --enable-objc-gc --enable-multiarch --disable-werror --with-arch-32=i686 --with-abi=m64 --with-multilib-list=m32,m64,mx32 --with-tune=generic --enable-checking=release --build=x86_64-linux-gnu --host=x86_64-linux-gnu --target=x86_64-linux-gnu
Thread model: posix
gcc version 4.8.1 (Ubuntu/Linaro 4.8.1-10ubuntu9) 
configure:2668: $? = 0
configure:2657: gcc -V >&5
gcc: error: unrecognized command line option '-V'
gcc: fatal error: no input files
compilation terminated.
configure:2668: $? = 4
configure:2657: gcc -qversion >&5
gcc: error: unrecognized command line option '-qversion'
gcc: fatal error: no input files
compilation terminated.
configure:2668: $? = 4
configure:2688: checking whether the C compiler works
configure:2710: gcc    conftest.c  >&5
configure:2714: $? = 0
configure:2762: result: yes
configure:2765: checking for C compiler default output file name
configure:2767: result: a.out
configure:2773: checking for suffix of executables
configure:2780: gcc -o conftest    conftest.c  >&5
configure:2784: $? = 0
configure:2806: result: 
configure:2828: checking whether we are cross compiling
configure:2836: gcc -o conftest    conftest.c  >&5
configure:2840: $? = 0
configure:2847: ./conftest
configure:2851: $? = 0
configure:2866: result: no
configure:2871: checking for suffix of object files
configure:2893: gcc -c   conftest.c >&5
configure:2897: $? = 0
configure:2918: result: o
configure:2922: checking whether we are using the GNU C compiler
configure:2941: gcc -c   conftest.c >&5
configure:2941: $? = 0
configure:2950: result: yes
configure:2959: checking whether gcc accepts -g
configure:2979: gcc -c -g  conftest.c >&5
configure:2979: $? = 0
configure:3020: result: yes
configure:3037: checking for gcc option to accept ISO C89
configure:3100: gcc  -c -g -O2  conftest.c >&5
configure:3100: $? = 0
configure:3113: result: none needed
configure:3135: checking for an ANSI C-conforming const
configure:3201: gcc -c -g -O2  conftest.c >&5
configure:3201: $? = 0
configure:3208: result: yes
configure:3222: checking how to run the C preprocessor
configure:3253: gcc -E  conftest.c
configure:3253: $? = 0
configure:3267: gcc -E  conftest.c
conftest.c:9:28: fatal error: ac_nonexistent.h: No such file or directory
 #include <ac_nonexistent.h>
                            ^
compilation terminated.
configure:3267: $? = 1
configure: failed program was:
| /* confdefs.h */
| #define PACKAGE_NAME "Haskell network package"
| #define PACKAGE_TARNAME "network"
| #define PACKAGE_VERSION "2.3.0.14"
| #define PACKAGE_STRING "Haskell network package 2.3.0.14"
| #define PACKAGE_BUGREPORT "libraries@haskell.org"
| #define PACKAGE_URL ""
| /* end confdefs.h.  */
| #include <ac_nonexistent.h>
configure:3292: result: gcc -E
configure:3312: gcc -E  conftest.c
configure:3312: $? = 0
configure:3326: gcc -E  conftest.c
conftest.c:9:28: fatal error: ac_nonexistent.h: No such file or directory
 #include <ac_nonexistent.h>
                            ^
compilation terminated.
configure:3326: $? = 1
configure: failed program was:
| /* confdefs.h */
| #define PACKAGE_NAME "Haskell network package"
| #define PACKAGE_TARNAME "network"
| #define PACKAGE_VERSION "2.3.0.14"
| #define PACKAGE_STRING "Haskell network package 2.3.0.14"
| #define PACKAGE_BUGREPORT "libraries@haskell.org"
| #define PACKAGE_URL ""
| /* end confdefs.h.  */
| #include <ac_nonexistent.h>
configure:3355: checking for grep that handles long lines and -e
configure:3413: result: /bin/grep
configure:3418: checking for egrep
configure:3480: result: /bin/grep -E
configure:3485: checking for ANSI C header files
configure:3505: gcc -c -g -O2  conftest.c >&5
configure:3505: $? = 0
configure:3578: gcc -o conftest -g -O2   conftest.c  >&5
configure:3578: $? = 0
configure:3578: ./conftest
configure:3578: $? = 0
configure:3589: result: yes
configure:3602: checking for sys/types.h
configure:3602: gcc -c -g -O2  conftest.c >&5
configure:3602: $? = 0
configure:3602: result: yes
configure:3602: checking for sys/stat.h
configure:3602: gcc -c -g -O2  conftest.c >&5
configure:3602: $? = 0
configure:3602: result: yes
configure:3602: checking for stdlib.h
configure:3602: gcc -c -g -O2  conftest.c >&5
configure:3602: $? = 0
configure:3602: result: yes
configure:3602: checking for string.h
configure:3602: gcc -c -g -O2  conftest.c >&5
configure:3602: $? = 0
configure:3602: result: yes
configure:3602: checking for memory.h
configure:3602: gcc -c -g -O2  conftest.c >&5
configure:3602: $? = 0
configure:3602: result: yes
configure:3602: checking for strings.h
configure:3602: gcc -c -g -O2  conftest.c >&5
configure:3602: $? = 0
configure:3602: result: yes
configure:3602: checking for inttypes.h
configure:3602: gcc -c -g -O2  conftest.c >&5
configure:3602: $? = 0
configure:3602: result: yes
configure:3602: checking for stdint.h
configure:3602: gcc -c -g -O2  conftest.c >&5
configure:3602: $? = 0
configure:3602: result: yes
configure:3602: checking for unistd.h
configure:3602: gcc -c -g -O2  conftest.c >&5
configure:3602: $? = 0
configure:3602: result: yes
configure:3617: checking fcntl.h usability
configure:3617: gcc -c -g -O2  conftest.c >&5
configure:3617: $? = 0
configure:3617: result: yes
configure:3617: checking fcntl.h presence
configure:3617: gcc -E  conftest.c
configure:3617: $? = 0
configure:3617: result: yes
configure:3617: checking for fcntl.h
configure:3617: result: yes
configure:3617: checking limits.h usability
configure:3617: gcc -c -g -O2  conftest.c >&5
configure:3617: $? = 0
configure:3617: result: yes
configure:3617: checking limits.h presence
configure:3617: gcc -E  conftest.c
configure:3617: $? = 0
configure:3617: result: yes
configure:3617: checking for limits.h
configure:3617: result: yes
configure:3617: checking for stdlib.h
configure:3617: result: yes
configure:3617: checking for sys/types.h
configure:3617: result: yes
configure:3617: checking for unistd.h
configure:3617: result: yes
configure:3617: checking winsock2.h usability
configure:3617: gcc -c -g -O2  conftest.c >&5
conftest.c:74:22: fatal error: winsock2.h: No such file or directory
 #include <winsock2.h>
                      ^
compilation terminated.
configure:3617: $? = 1
configure: failed program was:
| /* confdefs.h */
| #define PACKAGE_NAME "Haskell network package"
| #define PACKAGE_TARNAME "network"
| #define PACKAGE_VERSION "2.3.0.14"
| #define PACKAGE_STRING "Haskell network package 2.3.0.14"
| #define PACKAGE_BUGREPORT "libraries@haskell.org"
| #define PACKAGE_URL ""
| #define STDC_HEADERS 1
| #define HAVE_SYS_TYPES_H 1
| #define HAVE_SYS_STAT_H 1
| #define HAVE_STDLIB_H 1
| #define HAVE_STRING_H 1
| #define HAVE_MEMORY_H 1
| #define HAVE_STRINGS_H 1
| #define HAVE_INTTYPES_H 1
| #define HAVE_STDINT_H 1
| #define HAVE_UNISTD_H 1
| #define HAVE_FCNTL_H 1
| #define HAVE_LIMITS_H 1
| #define HAVE_STDLIB_H 1
| #define HAVE_SYS_TYPES_H 1
| #define HAVE_UNISTD_H 1
| /* end confdefs.h.  */
| #include <stdio.h>
| #ifdef HAVE_SYS_TYPES_H
| # include <sys/types.h>
| #endif
| #ifdef HAVE_SYS_STAT_H
| # include <sys/stat.h>
| #endif
| #ifdef STDC_HEADERS
| # include <stdlib.h>
| # include <stddef.h>
| #else
| # ifdef HAVE_STDLIB_H
| #  include <stdlib.h>
| # endif
| #endif
| #ifdef HAVE_STRING_H
| # if !defined STDC_HEADERS && defined HAVE_MEMORY_H
| #  include <memory.h>
| # endif
| # include <string.h>
| #endif
| #ifdef HAVE_STRINGS_H
| # include <strings.h>
| #endif
| #ifdef HAVE_INTTYPES_H
| # include <inttypes.h>
| #endif
| #ifdef HAVE_STDINT_H
| # include <stdint.h>
| #endif
| #ifdef HAVE_UNISTD_H
| # include <unistd.h>
| #endif
| #ifdef HAVE_SYS_SOCKET_H
| # include <sys/socket.h>
| #endif
| #ifdef HAVE_NETINET_IN_H
| # include <netinet/in.h>
| #endif
| #ifdef HAVE_NETDB_H
| # include <netdb.h>
| #endif
| #ifdef HAVE_WINSOCK2_H
| # include <winsock2.h>
| #endif
| #ifdef HAVE_WS2TCPIP_H
| # include <ws2tcpip.h>
| // fix for MingW not defining IPV6_V6ONLY
| # define IPV6_V6ONLY 27
| #endif
| #include <winsock2.h>
configure:3617: result: no
configure:3617: checking winsock2.h presence
configure:3617: gcc -E  conftest.c
conftest.c:24:22: fatal error: winsock2.h: No such file or directory
 #include <winsock2.h>
                      ^
compilation terminated.
configure:3617: $? = 1
configure: failed program was:
| /* confdefs.h */
| #define PACKAGE_NAME "Haskell network package"
| #define PACKAGE_TARNAME "network"
| #define PACKAGE_VERSION "2.3.0.14"
| #define PACKAGE_STRING "Haskell network package 2.3.0.14"
| #define PACKAGE_BUGREPORT "libraries@haskell.org"
| #define PACKAGE_URL ""
| #define STDC_HEADERS 1
| #define HAVE_SYS_TYPES_H 1
| #define HAVE_SYS_STAT_H 1
| #define HAVE_STDLIB_H 1
| #define HAVE_STRING_H 1
| #define HAVE_MEMORY_H 1
| #define HAVE_STRINGS_H 1
| #define HAVE_INTTYPES_H 1
| #define HAVE_STDINT_H 1
| #define HAVE_UNISTD_H 1
| #define HAVE_FCNTL_H 1
| #define HAVE_LIMITS_H 1
| #define HAVE_STDLIB_H 1
| #define HAVE_SYS_TYPES_H 1
| #define HAVE_UNISTD_H 1
| /* end confdefs.h.  */
| #include <winsock2.h>
configure:3617: result: no
configure:3617: checking for winsock2.h
configure:3617: result: no
configure:3617: checking ws2tcpip.h usability
configure:3617: gcc -c -g -O2  conftest.c >&5
conftest.c:74:22: fatal error: ws2tcpip.h: No such file or directory
 #include <ws2tcpip.h>
                      ^
compilation terminated.
configure:3617: $? = 1
configure: failed program was:
| /* confdefs.h */
| #define PACKAGE_NAME "Haskell network package"
| #define PACKAGE_TARNAME "network"
| #define PACKAGE_VERSION "2.3.0.14"
| #define PACKAGE_STRING "Haskell network package 2.3.0.14"
| #define PACKAGE_BUGREPORT "libraries@haskell.org"
| #define PACKAGE_URL ""
| #define STDC_HEADERS 1
| #define HAVE_SYS_TYPES_H 1
| #define HAVE_SYS_STAT_H 1
| #define HAVE_STDLIB_H 1
| #define HAVE_STRING_H 1
| #define HAVE_MEMORY_H 1
| #define HAVE_STRINGS_H 1
| #define HAVE_INTTYPES_H 1
| #define HAVE_STDINT_H 1
| #define HAVE_UNISTD_H 1
| #define HAVE_FCNTL_H 1
| #define HAVE_LIMITS_H 1
| #define HAVE_STDLIB_H 1
| #define HAVE_SYS_TYPES_H 1
| #define HAVE_UNISTD_H 1
| /* end confdefs.h.  */
| #include <stdio.h>
| #ifdef HAVE_SYS_TYPES_H
| # include <sys/types.h>
| #endif
| #ifdef HAVE_SYS_STAT_H
| # include <sys/stat.h>
| #endif
| #ifdef STDC_HEADERS
| # include <stdlib.h>
| # include <stddef.h>
| #else
| # ifdef HAVE_STDLIB_H
| #  include <stdlib.h>
| # endif
| #endif
| #ifdef HAVE_STRING_H
| # if !defined STDC_HEADERS && defined HAVE_MEMORY_H
| #  include <memory.h>
| # endif
| # include <string.h>
| #endif
| #ifdef HAVE_STRINGS_H
| # include <strings.h>
| #endif
| #ifdef HAVE_INTTYPES_H
| # include <inttypes.h>
| #endif
| #ifdef HAVE_STDINT_H
| # include <stdint.h>
| #endif
| #ifdef HAVE_UNISTD_H
| # include <unistd.h>
| #endif
| #ifdef HAVE_SYS_SOCKET_H
| # include <sys/socket.h>
| #endif
| #ifdef HAVE_NETINET_IN_H
| # include <netinet/in.h>
| #endif
| #ifdef HAVE_NETDB_H
| # include <netdb.h>
| #endif
| #ifdef HAVE_WINSOCK2_H
| # include <winsock2.h>
| #endif
| #ifdef HAVE_WS2TCPIP_H
| # include <ws2tcpip.h>
| // fix for MingW not defining IPV6_V6ONLY
| # define IPV6_V6ONLY 27
| #endif
| #include <ws2tcpip.h>
configure:3617: result: no
configure:3617: checking ws2tcpip.h presence
configure:3617: gcc -E  conftest.c
conftest.c:24:22: fatal error: ws2tcpip.h: No such file or directory
 #include <ws2tcpip.h>
                      ^
compilation terminated.
configure:3617: $? = 1
configure: failed program was:
| /* confdefs.h */
| #define PACKAGE_NAME "Haskell network package"
| #define PACKAGE_TARNAME "network"
| #define PACKAGE_VERSION "2.3.0.14"
| #define PACKAGE_STRING "Haskell network package 2.3.0.14"
| #define PACKAGE_BUGREPORT "libraries@haskell.org"
| #define PACKAGE_URL ""
| #define STDC_HEADERS 1
| #define HAVE_SYS_TYPES_H 1
| #define HAVE_SYS_STAT_H 1
| #define HAVE_STDLIB_H 1
| #define HAVE_STRING_H 1
| #define HAVE_MEMORY_H 1
| #define HAVE_STRINGS_H 1
| #define HAVE_INTTYPES_H 1
| #define HAVE_STDINT_H 1
| #define HAVE_UNISTD_H 1
| #define HAVE_FCNTL_H 1
| #define HAVE_LIMITS_H 1
| #define HAVE_STDLIB_H 1
| #define HAVE_SYS_TYPES_H 1
| #define HAVE_UNISTD_H 1
| /* end confdefs.h.  */
| #include <ws2tcpip.h>
configure:3617: result: no
configure:3617: checking for ws2tcpip.h
configure:3617: result: no
configure:3630: checking arpa/inet.h usability
configure:3630: gcc -c -g -O2  conftest.c >&5
configure:3630: $? = 0
configure:3630: result: yes
configure:3630: checking arpa/inet.h presence
configure:3630: gcc -E  conftest.c
configure:3630: $? = 0
configure:3630: result: yes
configure:3630: checking for arpa/inet.h
configure:3630: result: yes
configure:3630: checking netdb.h usability
configure:3630: gcc -c -g -O2  conftest.c >&5
configure:3630: $? = 0
configure:3630: result: yes
configure:3630: checking netdb.h presence
configure:3630: gcc -E  conftest.c
configure:3630: $? = 0
configure:3630: result: yes
configure:3630: checking for netdb.h
configure:3630: result: yes
configure:3630: checking netinet/in.h usability
configure:3630: gcc -c -g -O2  conftest.c >&5
configure:3630: $? = 0
configure:3630: result: yes
configure:3630: checking netinet/in.h presence
configure:3630: gcc -E  conftest.c
configure:3630: $? = 0
configure:3630: result: yes
configure:3630: checking for netinet/in.h
configure:3630: result: yes
configure:3630: checking netinet/tcp.h usability
configure:3630: gcc -c -g -O2  conftest.c >&5
configure:3630: $? = 0
configure:3630: result: yes
configure:3630: checking netinet/tcp.h presence
configure:3630: gcc -E  conftest.c
configure:3630: $? = 0
configure:3630: result: yes
configure:3630: checking for netinet/tcp.h
configure:3630: result: yes
configure:3630: checking sys/socket.h usability
configure:3630: gcc -c -g -O2  conftest.c >&5
configure:3630: $? = 0
configure:3630: result: yes
configure:3630: checking sys/socket.h presence
configure:3630: gcc -E  conftest.c
configure:3630: $? = 0
configure:3630: result: yes
configure:3630: checking for sys/socket.h
configure:3630: result: yes
configure:3630: checking sys/uio.h usability
configure:3630: gcc -c -g -O2  conftest.c >&5
configure:3630: $? = 0
configure:3630: result: yes
configure:3630: checking sys/uio.h presence
configure:3630: gcc -E  conftest.c
configure:3630: $? = 0
configure:3630: result: yes
configure:3630: checking for sys/uio.h
configure:3630: result: yes
configure:3630: checking sys/un.h usability
configure:3630: gcc -c -g -O2  conftest.c >&5
configure:3630: $? = 0
configure:3630: result: yes
configure:3630: checking sys/un.h presence
configure:3630: gcc -E  conftest.c
configure:3630: $? = 0
configure:3630: result: yes
configure:3630: checking for sys/un.h
configure:3630: result: yes
configure:3630: checking linux/can.h usability
configure:3630: gcc -c -g -O2  conftest.c >&5
configure:3630: $? = 0
configure:3630: result: yes
configure:3630: checking linux/can.h presence
configure:3630: gcc -E  conftest.c
configure:3630: $? = 0
configure:3630: result: yes
configure:3630: checking for linux/can.h
configure:3630: result: yes
configure:3642: checking net/if.h usability
configure:3642: gcc -c -g -O2  conftest.c >&5
configure:3642: $? = 0
configure:3642: result: yes
configure:3642: checking net/if.h presence
configure:3642: gcc -E  conftest.c
configure:3642: $? = 0
configure:3642: result: yes
configure:3642: checking for net/if.h
configure:3642: result: yes
configure:3656: checking for readlink
configure:3656: gcc -o conftest -g -O2   conftest.c  >&5
configure:3656: $? = 0
configure:3656: result: yes
configure:3656: checking for symlink
configure:3656: gcc -o conftest -g -O2   conftest.c  >&5
configure:3656: $? = 0
configure:3656: result: yes
configure:3656: checking for if_nametoindex
configure:3656: gcc -o conftest -g -O2   conftest.c  >&5
configure:3656: $? = 0
configure:3656: result: yes
configure:3666: checking for struct msghdr.msg_control
configure:3666: gcc -c -g -O2  conftest.c >&5
configure:3666: $? = 0
configure:3666: result: yes
configure:3684: checking for struct msghdr.msg_accrights
configure:3684: gcc -c -g -O2  conftest.c >&5
conftest.c: In function 'main':
conftest.c:51:12: error: 'struct msghdr' has no member named 'msg_accrights'
 if (ac_aggr.msg_accrights)
            ^
configure:3684: $? = 1
configure: failed program was:
| /* confdefs.h */
| #define PACKAGE_NAME "Haskell network package"
| #define PACKAGE_TARNAME "network"
| #define PACKAGE_VERSION "2.3.0.14"
| #define PACKAGE_STRING "Haskell network package 2.3.0.14"
| #define PACKAGE_BUGREPORT "libraries@haskell.org"
| #define PACKAGE_URL ""
| #define STDC_HEADERS 1
| #define HAVE_SYS_TYPES_H 1
| #define HAVE_SYS_STAT_H 1
| #define HAVE_STDLIB_H 1
| #define HAVE_STRING_H 1
| #define HAVE_MEMORY_H 1
| #define HAVE_STRINGS_H 1
| #define HAVE_INTTYPES_H 1
| #define HAVE_STDINT_H 1
| #define HAVE_UNISTD_H 1
| #define HAVE_FCNTL_H 1
| #define HAVE_LIMITS_H 1
| #define HAVE_STDLIB_H 1
| #define HAVE_SYS_TYPES_H 1
| #define HAVE_UNISTD_H 1
| #define HAVE_ARPA_INET_H 1
| #define HAVE_NETDB_H 1
| #define HAVE_NETINET_IN_H 1
| #define HAVE_NETINET_TCP_H 1
| #define HAVE_SYS_SOCKET_H 1
| #define HAVE_SYS_UIO_H 1
| #define HAVE_SYS_UN_H 1
| #define HAVE_LINUX_CAN_H 1
| #define HAVE_NET_IF_H 1
| #define HAVE_READLINK 1
| #define HAVE_SYMLINK 1
| #define HAVE_IF_NAMETOINDEX 1
| #define HAVE_STRUCT_MSGHDR_MSG_CONTROL 1
| /* end confdefs.h.  */
| #if HAVE_SYS_TYPES_H
| # include <sys/types.h>
| #endif
| #if HAVE_SYS_SOCKET_H
| # include <sys/socket.h>
| #endif
| #if HAVE_SYS_UIO_H
| # include <sys/uio.h>
| #endif
| 
| int
| main ()
| {
| static struct msghdr ac_aggr;
| if (ac_aggr.msg_accrights)
| return 0;
|   ;
|   return 0;
| }
configure:3684: gcc -c -g -O2  conftest.c >&5
conftest.c: In function 'main':
conftest.c:51:19: error: 'struct msghdr' has no member named 'msg_accrights'
 if (sizeof ac_aggr.msg_accrights)
                   ^
configure:3684: $? = 1
configure: failed program was:
| /* confdefs.h */
| #define PACKAGE_NAME "Haskell network package"
| #define PACKAGE_TARNAME "network"
| #define PACKAGE_VERSION "2.3.0.14"
| #define PACKAGE_STRING "Haskell network package 2.3.0.14"
| #define PACKAGE_BUGREPORT "libraries@haskell.org"
| #define PACKAGE_URL ""
| #define STDC_HEADERS 1
| #define HAVE_SYS_TYPES_H 1
| #define HAVE_SYS_STAT_H 1
| #define HAVE_STDLIB_H 1
| #define HAVE_STRING_H 1
| #define HAVE_MEMORY_H 1
| #define HAVE_STRINGS_H 1
| #define HAVE_INTTYPES_H 1
| #define HAVE_STDINT_H 1
| #define HAVE_UNISTD_H 1
| #define HAVE_FCNTL_H 1
| #define HAVE_LIMITS_H 1
| #define HAVE_STDLIB_H 1
| #define HAVE_SYS_TYPES_H 1
| #define HAVE_UNISTD_H 1
| #define HAVE_ARPA_INET_H 1
| #define HAVE_NETDB_H 1
| #define HAVE_NETINET_IN_H 1
| #define HAVE_NETINET_TCP_H 1
| #define HAVE_SYS_SOCKET_H 1
| #define HAVE_SYS_UIO_H 1
| #define HAVE_SYS_UN_H 1
| #define HAVE_LINUX_CAN_H 1
| #define HAVE_NET_IF_H 1
| #define HAVE_READLINK 1
| #define HAVE_SYMLINK 1
| #define HAVE_IF_NAMETOINDEX 1
| #define HAVE_STRUCT_MSGHDR_MSG_CONTROL 1
| /* end confdefs.h.  */
| #if HAVE_SYS_TYPES_H
| # include <sys/types.h>
| #endif
| #if HAVE_SYS_SOCKET_H
| # include <sys/socket.h>
| #endif
| #if HAVE_SYS_UIO_H
| # include <sys/uio.h>
| #endif
| 
| int
| main ()
| {
| static struct msghdr ac_aggr;
| if (sizeof ac_aggr.msg_accrights)
| return 0;
|   ;
|   return 0;
| }
configure:3684: result: no
configure:3704: checking for struct sockaddr.sa_len
configure:3704: gcc -c -g -O2  conftest.c >&5
conftest.c: In function 'main':
conftest.c:48:12: error: 'struct sockaddr' has no member named 'sa_len'
 if (ac_aggr.sa_len)
            ^
configure:3704: $? = 1
configure: failed program was:
| /* confdefs.h */
| #define PACKAGE_NAME "Haskell network package"
| #define PACKAGE_TARNAME "network"
| #define PACKAGE_VERSION "2.3.0.14"
| #define PACKAGE_STRING "Haskell network package 2.3.0.14"
| #define PACKAGE_BUGREPORT "libraries@haskell.org"
| #define PACKAGE_URL ""
| #define STDC_HEADERS 1
| #define HAVE_SYS_TYPES_H 1
| #define HAVE_SYS_STAT_H 1
| #define HAVE_STDLIB_H 1
| #define HAVE_STRING_H 1
| #define HAVE_MEMORY_H 1
| #define HAVE_STRINGS_H 1
| #define HAVE_INTTYPES_H 1
| #define HAVE_STDINT_H 1
| #define HAVE_UNISTD_H 1
| #define HAVE_FCNTL_H 1
| #define HAVE_LIMITS_H 1
| #define HAVE_STDLIB_H 1
| #define HAVE_SYS_TYPES_H 1
| #define HAVE_UNISTD_H 1
| #define HAVE_ARPA_INET_H 1
| #define HAVE_NETDB_H 1
| #define HAVE_NETINET_IN_H 1
| #define HAVE_NETINET_TCP_H 1
| #define HAVE_SYS_SOCKET_H 1
| #define HAVE_SYS_UIO_H 1
| #define HAVE_SYS_UN_H 1
| #define HAVE_LINUX_CAN_H 1
| #define HAVE_NET_IF_H 1
| #define HAVE_READLINK 1
| #define HAVE_SYMLINK 1
| #define HAVE_IF_NAMETOINDEX 1
| #define HAVE_STRUCT_MSGHDR_MSG_CONTROL 1
| /* end confdefs.h.  */
| #if HAVE_SYS_TYPES_H
| # include <sys/types.h>
| #endif
| #if HAVE_SYS_SOCKET_H
| # include <sys/socket.h>
| #endif
| 
| int
| main ()
| {
| static struct sockaddr ac_aggr;
| if (ac_aggr.sa_len)
| return 0;
|   ;
|   return 0;
| }
configure:3704: gcc -c -g -O2  conftest.c >&5
conftest.c: In function 'main':
conftest.c:48:19: error: 'struct sockaddr' has no member named 'sa_len'
 if (sizeof ac_aggr.sa_len)
                   ^
configure:3704: $? = 1
configure: failed program was:
| /* confdefs.h */
| #define PACKAGE_NAME "Haskell network package"
| #define PACKAGE_TARNAME "network"
| #define PACKAGE_VERSION "2.3.0.14"
| #define PACKAGE_STRING "Haskell network package 2.3.0.14"
| #define PACKAGE_BUGREPORT "libraries@haskell.org"
| #define PACKAGE_URL ""
| #define STDC_HEADERS 1
| #define HAVE_SYS_TYPES_H 1
| #define HAVE_SYS_STAT_H 1
| #define HAVE_STDLIB_H 1
| #define HAVE_STRING_H 1
| #define HAVE_MEMORY_H 1
| #define HAVE_STRINGS_H 1
| #define HAVE_INTTYPES_H 1
| #define HAVE_STDINT_H 1
| #define HAVE_UNISTD_H 1
| #define HAVE_FCNTL_H 1
| #define HAVE_LIMITS_H 1
| #define HAVE_STDLIB_H 1
| #define HAVE_SYS_TYPES_H 1
| #define HAVE_UNISTD_H 1
| #define HAVE_ARPA_INET_H 1
| #define HAVE_NETDB_H 1
| #define HAVE_NETINET_IN_H 1
| #define HAVE_NETINET_TCP_H 1
| #define HAVE_SYS_SOCKET_H 1
| #define HAVE_SYS_UIO_H 1
| #define HAVE_SYS_UN_H 1
| #define HAVE_LINUX_CAN_H 1
| #define HAVE_NET_IF_H 1
| #define HAVE_READLINK 1
| #define HAVE_SYMLINK 1
| #define HAVE_IF_NAMETOINDEX 1
| #define HAVE_STRUCT_MSGHDR_MSG_CONTROL 1
| /* end confdefs.h.  */
| #if HAVE_SYS_TYPES_H
| # include <sys/types.h>
| #endif
| #if HAVE_SYS_SOCKET_H
| # include <sys/socket.h>
| #endif
| 
| int
| main ()
| {
| static struct sockaddr ac_aggr;
| if (sizeof ac_aggr.sa_len)
| return 0;
|   ;
|   return 0;
| }
configure:3704: result: no
configure:3721: checking for in_addr_t in netinet/in.h
configure:3732: result: yes
configure:3741: checking for SO_PEERCRED and struct ucred in sys/socket.h
configure:3759: gcc -c -g -O2  conftest.c >&5
conftest.c:43:14: error: storage size of 'u' isn't known
 struct ucred u;
              ^
configure:3759: $? = 1
configure: failed program was:
| /* confdefs.h */
| #define PACKAGE_NAME "Haskell network package"
| #define PACKAGE_TARNAME "network"
| #define PACKAGE_VERSION "2.3.0.14"
| #define PACKAGE_STRING "Haskell network package 2.3.0.14"
| #define PACKAGE_BUGREPORT "libraries@haskell.org"
| #define PACKAGE_URL ""
| #define STDC_HEADERS 1
| #define HAVE_SYS_TYPES_H 1
| #define HAVE_SYS_STAT_H 1
| #define HAVE_STDLIB_H 1
| #define HAVE_STRING_H 1
| #define HAVE_MEMORY_H 1
| #define HAVE_STRINGS_H 1
| #define HAVE_INTTYPES_H 1
| #define HAVE_STDINT_H 1
| #define HAVE_UNISTD_H 1
| #define HAVE_FCNTL_H 1
| #define HAVE_LIMITS_H 1
| #define HAVE_STDLIB_H 1
| #define HAVE_SYS_TYPES_H 1
| #define HAVE_UNISTD_H 1
| #define HAVE_ARPA_INET_H 1
| #define HAVE_NETDB_H 1
| #define HAVE_NETINET_IN_H 1
| #define HAVE_NETINET_TCP_H 1
| #define HAVE_SYS_SOCKET_H 1
| #define HAVE_SYS_UIO_H 1
| #define HAVE_SYS_UN_H 1
| #define HAVE_LINUX_CAN_H 1
| #define HAVE_NET_IF_H 1
| #define HAVE_READLINK 1
| #define HAVE_SYMLINK 1
| #define HAVE_IF_NAMETOINDEX 1
| #define HAVE_STRUCT_MSGHDR_MSG_CONTROL 1
| #define HAVE_IN_ADDR_T 1
| /* end confdefs.h.  */
| #include <sys/types.h>
| #include <sys/socket.h>
| #ifndef SO_PEERCRED
| # error no SO_PEERCRED
| #endif
| struct ucred u;
| int
| main ()
| {
| 
|   ;
|   return 0;
| }
configure:3784: gcc -c -D_GNU_SOURCE -g -O2  conftest.c >&5
configure:3784: $? = 0
configure:3804: result: yes
configure:3808: checking for getpeereid in unistd.h
configure:3810: checking for getpeereid
configure:3810: gcc -o conftest -D_GNU_SOURCE -g -O2   conftest.c  >&5
/tmp/cc1sB3AR.o: In function `main':
/home/ben/warpdeps/network/conftest.c:73: undefined reference to `getpeereid'
collect2: error: ld returned 1 exit status
configure:3810: $? = 1
configure: failed program was:
| /* confdefs.h */
| #define PACKAGE_NAME "Haskell network package"
| #define PACKAGE_TARNAME "network"
| #define PACKAGE_VERSION "2.3.0.14"
| #define PACKAGE_STRING "Haskell network package 2.3.0.14"
| #define PACKAGE_BUGREPORT "libraries@haskell.org"
| #define PACKAGE_URL ""
| #define STDC_HEADERS 1
| #define HAVE_SYS_TYPES_H 1
| #define HAVE_SYS_STAT_H 1
| #define HAVE_STDLIB_H 1
| #define HAVE_STRING_H 1
| #define HAVE_MEMORY_H 1
| #define HAVE_STRINGS_H 1
| #define HAVE_INTTYPES_H 1
| #define HAVE_STDINT_H 1
| #define HAVE_UNISTD_H 1
| #define HAVE_FCNTL_H 1
| #define HAVE_LIMITS_H 1
| #define HAVE_STDLIB_H 1
| #define HAVE_SYS_TYPES_H 1
| #define HAVE_UNISTD_H 1
| #define HAVE_ARPA_INET_H 1
| #define HAVE_NETDB_H 1
| #define HAVE_NETINET_IN_H 1
| #define HAVE_NETINET_TCP_H 1
| #define HAVE_SYS_SOCKET_H 1
| #define HAVE_SYS_UIO_H 1
| #define HAVE_SYS_UN_H 1
| #define HAVE_LINUX_CAN_H 1
| #define HAVE_NET_IF_H 1
| #define HAVE_READLINK 1
| #define HAVE_SYMLINK 1
| #define HAVE_IF_NAMETOINDEX 1
| #define HAVE_STRUCT_MSGHDR_MSG_CONTROL 1
| #define HAVE_IN_ADDR_T 1
| #define HAVE_STRUCT_UCRED 1
| /* end confdefs.h.  */
| /* Define getpeereid to an innocuous variant, in case <limits.h> declares getpeereid.
|    For example, HP-UX 11i <limits.h> declares gettimeofday.  */
| #define getpeereid innocuous_getpeereid
| 
| /* System header to define __stub macros and hopefully few prototypes,
|     which can conflict with char getpeereid (); below.
|     Prefer <limits.h> to <assert.h> if __STDC__ is defined, since
|     <limits.h> exists even on freestanding compilers.  */
| 
| #ifdef __STDC__
| # include <limits.h>
| #else
| # include <assert.h>
| #endif
| 
| #undef getpeereid
| 
| /* Override any GCC internal prototype to avoid an error.
|    Use char because int might match the return type of a GCC
|    builtin and then its argument prototype would still apply.  */
| #ifdef __cplusplus
| extern "C"
| #endif
| char getpeereid ();
| /* The GNU C library defines this for functions which it implements
|     to always fail with ENOSYS.  Some functions are actually named
|     something starting with __ and the normal name is an alias.  */
| #if defined __stub_getpeereid || defined __stub___getpeereid
| choke me
| #endif
| 
| int
| main ()
| {
| return getpeereid ();
|   ;
|   return 0;
| }
configure:3810: result: no
configure:3818: checking for _head_libws2_32_a in -lws2_32
configure:3843: gcc -o conftest -D_GNU_SOURCE -g -O2   conftest.c -lws2_32   >&5
/usr/bin/ld: cannot find -lws2_32
collect2: error: ld returned 1 exit status
configure:3843: $? = 1
configure: failed program was:
| /* confdefs.h */
| #define PACKAGE_NAME "Haskell network package"
| #define PACKAGE_TARNAME "network"
| #define PACKAGE_VERSION "2.3.0.14"
| #define PACKAGE_STRING "Haskell network package 2.3.0.14"
| #define PACKAGE_BUGREPORT "libraries@haskell.org"
| #define PACKAGE_URL ""
| #define STDC_HEADERS 1
| #define HAVE_SYS_TYPES_H 1
| #define HAVE_SYS_STAT_H 1
| #define HAVE_STDLIB_H 1
| #define HAVE_STRING_H 1
| #define HAVE_MEMORY_H 1
| #define HAVE_STRINGS_H 1
| #define HAVE_INTTYPES_H 1
| #define HAVE_STDINT_H 1
| #define HAVE_UNISTD_H 1
| #define HAVE_FCNTL_H 1
| #define HAVE_LIMITS_H 1
| #define HAVE_STDLIB_H 1
| #define HAVE_SYS_TYPES_H 1
| #define HAVE_UNISTD_H 1
| #define HAVE_ARPA_INET_H 1
| #define HAVE_NETDB_H 1
| #define HAVE_NETINET_IN_H 1
| #define HAVE_NETINET_TCP_H 1
| #define HAVE_SYS_SOCKET_H 1
| #define HAVE_SYS_UIO_H 1
| #define HAVE_SYS_UN_H 1
| #define HAVE_LINUX_CAN_H 1
| #define HAVE_NET_IF_H 1
| #define HAVE_READLINK 1
| #define HAVE_SYMLINK 1
| #define HAVE_IF_NAMETOINDEX 1
| #define HAVE_STRUCT_MSGHDR_MSG_CONTROL 1
| #define HAVE_IN_ADDR_T 1
| #define HAVE_STRUCT_UCRED 1
| /* end confdefs.h.  */
| 
| /* Override any GCC internal prototype to avoid an error.
|    Use char because int might match the return type of a GCC
|    builtin and then its argument prototype would still apply.  */
| #ifdef __cplusplus
| extern "C"
| #endif
| char _head_libws2_32_a ();
| int
| main ()
| {
| return _head_libws2_32_a ();
|   ;
|   return 0;
| }
configure:3852: result: no
configure:3864: checking for getaddrinfo
configure:3878: gcc -c -D_GNU_SOURCE -g -O2  conftest.c >&5
configure:3878: $? = 0
configure:3881: result: yes
configure:3924: checking for gai_strerror
configure:3924: gcc -o conftest -D_GNU_SOURCE -g -O2   conftest.c  >&5
configure:3924: $? = 0
configure:3924: result: yes
configure:3934: checking whether AI_ADDRCONFIG is declared
configure:3934: gcc -c -D_GNU_SOURCE -g -O2  conftest.c >&5
configure:3934: $? = 0
configure:3934: result: yes
configure:3944: checking whether AI_ALL is declared
configure:3944: gcc -c -D_GNU_SOURCE -g -O2  conftest.c >&5
configure:3944: $? = 0
configure:3944: result: yes
configure:3954: checking whether AI_NUMERICSERV is declared
configure:3954: gcc -c -D_GNU_SOURCE -g -O2  conftest.c >&5
configure:3954: $? = 0
configure:3954: result: yes
configure:3964: checking whether AI_V4MAPPED is declared
configure:3964: gcc -c -D_GNU_SOURCE -g -O2  conftest.c >&5
configure:3964: $? = 0
configure:3964: result: yes
configure:3976: checking whether IPV6_V6ONLY is declared
configure:3976: gcc -c -D_GNU_SOURCE -g -O2  conftest.c >&5
configure:3976: $? = 0
configure:3976: result: yes
configure:3988: checking whether IPPROTO_IP is declared
configure:3988: gcc -c -D_GNU_SOURCE -g -O2  conftest.c >&5
configure:3988: $? = 0
configure:3988: result: yes
configure:3998: checking whether IPPROTO_TCP is declared
configure:3998: gcc -c -D_GNU_SOURCE -g -O2  conftest.c >&5
configure:3998: $? = 0
configure:3998: result: yes
configure:4008: checking whether IPPROTO_IPV6 is declared
configure:4008: gcc -c -D_GNU_SOURCE -g -O2  conftest.c >&5
configure:4008: $? = 0
configure:4008: result: yes
configure:4020: checking for sendfile in sys/sendfile.h
configure:4031: result: yes
configure:4040: checking for sendfile in sys/socket.h
configure:4054: result: no
configure:4062: checking for gethostent
configure:4062: gcc -o conftest -D_GNU_SOURCE -g -O2   conftest.c  >&5
configure:4062: $? = 0
configure:4062: result: yes
configure:4074: checking for accept4
configure:4074: gcc -o conftest -D_GNU_SOURCE -g -O2   conftest.c  >&5
configure:4074: $? = 0
configure:4074: result: yes
configure:4220: creating ./config.status

## ---------------------- ##
## Running config.status. ##
## ---------------------- ##

This file was extended by Haskell network package config.status 2.3.0.14, which was
generated by GNU Autoconf 2.69.  Invocation command line was

  CONFIG_FILES    = 
  CONFIG_HEADERS  = 
  CONFIG_LINKS    = 
  CONFIG_COMMANDS = 
  $ ./config.status 

on localhost

config.status:842: creating network.buildinfo
config.status:842: creating include/HsNetworkConfig.h
config.status:1012: include/HsNetworkConfig.h is unchanged

## ---------------- ##
## Cache variables. ##
## ---------------- ##

ac_cv_build=x86_64-unknown-linux-gnu
ac_cv_c_compiler_gnu=yes
ac_cv_c_const=yes
ac_cv_env_CC_set=
ac_cv_env_CC_value=
ac_cv_env_CFLAGS_set=
ac_cv_env_CFLAGS_value=
ac_cv_env_CPPFLAGS_set=
ac_cv_env_CPPFLAGS_value=
ac_cv_env_CPP_set=
ac_cv_env_CPP_value=
ac_cv_env_LDFLAGS_set=
ac_cv_env_LDFLAGS_value=
ac_cv_env_LIBS_set=
ac_cv_env_LIBS_value=
ac_cv_env_build_alias_set=
ac_cv_env_build_alias_value=
ac_cv_env_host_alias_set=
ac_cv_env_host_alias_value=
ac_cv_env_target_alias_set=
ac_cv_env_target_alias_value=
ac_cv_func_accept4=yes
ac_cv_func_gai_strerror=yes
ac_cv_func_gethostent=yes
ac_cv_func_getpeereid=no
ac_cv_func_if_nametoindex=yes
ac_cv_func_readlink=yes
ac_cv_func_symlink=yes
ac_cv_have_decl_AI_ADDRCONFIG=yes
ac_cv_have_decl_AI_ALL=yes
ac_cv_have_decl_AI_NUMERICSERV=yes
ac_cv_have_decl_AI_V4MAPPED=yes
ac_cv_have_decl_IPPROTO_IP=yes
ac_cv_have_decl_IPPROTO_IPV6=yes
ac_cv_have_decl_IPPROTO_TCP=yes
ac_cv_have_decl_IPV6_V6ONLY=yes
ac_cv_header_arpa_inet_h=yes
ac_cv_header_fcntl_h=yes
ac_cv_header_inttypes_h=yes
ac_cv_header_limits_h=yes
ac_cv_header_linux_can_h=yes
ac_cv_header_memory_h=yes
ac_cv_header_net_if_h=yes
ac_cv_header_netdb_h=yes
ac_cv_header_netinet_in_h=yes
ac_cv_header_netinet_tcp_h=yes
ac_cv_header_stdc=yes
ac_cv_header_stdint_h=yes
ac_cv_header_stdlib_h=yes
ac_cv_header_string_h=yes
ac_cv_header_strings_h=yes
ac_cv_header_sys_socket_h=yes
ac_cv_header_sys_stat_h=yes
ac_cv_header_sys_types_h=yes
ac_cv_header_sys_uio_h=yes
ac_cv_header_sys_un_h=yes
ac_cv_header_unistd_h=yes
ac_cv_header_winsock2_h=no
ac_cv_header_ws2tcpip_h=no
ac_cv_host=x86_64-unknown-linux-gnu
ac_cv_lib_ws2_32__head_libws2_32_a=no
ac_cv_member_struct_msghdr_msg_accrights=no
ac_cv_member_struct_msghdr_msg_control=yes
ac_cv_member_struct_sockaddr_sa_len=no
ac_cv_objext=o
ac_cv_path_EGREP='/bin/grep -E'
ac_cv_path_GREP=/bin/grep
ac_cv_prog_CPP='gcc -E'
ac_cv_prog_ac_ct_CC=gcc
ac_cv_prog_cc_c89=
ac_cv_prog_cc_g=yes
ac_cv_ucred=yes

## ----------------- ##
## Output variables. ##
## ----------------- ##

CALLCONV='ccall'
CC='gcc'
CFLAGS='-D_GNU_SOURCE -g -O2'
CPP='gcc -E'
CPPFLAGS=''
DEFS='-DHAVE_CONFIG_H'
ECHO_C=''
ECHO_N='-n'
ECHO_T=''
EGREP='/bin/grep -E'
EXEEXT=''
EXTRA_CPPFLAGS='-D_GNU_SOURCE'
EXTRA_LIBS=''
EXTRA_SRCS='cbits/ancilData.c'
GREP='/bin/grep'
LDFLAGS=''
LIBOBJS=''
LIBS=''
LTLIBOBJS=''
OBJEXT='o'
PACKAGE_BUGREPORT='libraries@haskell.org'
PACKAGE_NAME='Haskell network package'
PACKAGE_STRING='Haskell network package 2.3.0.14'
PACKAGE_TARNAME='network'
PACKAGE_URL=''
PACKAGE_VERSION='2.3.0.14'
PATH_SEPARATOR=':'
SHELL='/bin/bash'
ac_ct_CC='gcc'
bindir='${exec_prefix}/bin'
build='x86_64-unknown-linux-gnu'
build_alias=''
build_cpu='x86_64'
build_os='linux-gnu'
build_vendor='unknown'
datadir='${datarootdir}'
datarootdir='${prefix}/share'
docdir='${datarootdir}/doc/${PACKAGE_TARNAME}'
dvidir='${docdir}'
exec_prefix='${prefix}'
host='x86_64-unknown-linux-gnu'
host_alias=''
host_cpu='x86_64'
host_os='linux-gnu'
host_vendor='unknown'
htmldir='${docdir}'
includedir='${prefix}/include'
infodir='${datarootdir}/info'
libdir='${exec_prefix}/lib'
libexecdir='${exec_prefix}/libexec'
localedir='${datarootdir}/locale'
localstatedir='${prefix}/var'
mandir='${datarootdir}/man'
oldincludedir='/usr/include'
pdfdir='${docdir}'
prefix='/usr/local'
program_transform_name='s,x,x,'
psdir='${docdir}'
sbindir='${exec_prefix}/sbin'
sharedstatedir='${prefix}/com'
sysconfdir='${prefix}/etc'
target_alias=''

## ----------- ##
## confdefs.h. ##
## ----------- ##

/* confdefs.h */
#define PACKAGE_NAME "Haskell network package"
#define PACKAGE_TARNAME "network"
#define PACKAGE_VERSION "2.3.0.14"
#define PACKAGE_STRING "Haskell network package 2.3.0.14"
#define PACKAGE_BUGREPORT "libraries@haskell.org"
#define PACKAGE_URL ""
#define STDC_HEADERS 1
#define HAVE_SYS_TYPES_H 1
#define HAVE_SYS_STAT_H 1
#define HAVE_STDLIB_H 1
#define HAVE_STRING_H 1
#define HAVE_MEMORY_H 1
#define HAVE_STRINGS_H 1
#define HAVE_INTTYPES_H 1
#define HAVE_STDINT_H 1
#define HAVE_UNISTD_H 1
#define HAVE_FCNTL_H 1
#define HAVE_LIMITS_H 1
#define HAVE_STDLIB_H 1
#define HAVE_SYS_TYPES_H 1
#define HAVE_UNISTD_H 1
#define HAVE_ARPA_INET_H 1
#define HAVE_NETDB_H 1
#define HAVE_NETINET_IN_H 1
#define HAVE_NETINET_TCP_H 1
#define HAVE_SYS_SOCKET_H 1
#define HAVE_SYS_UIO_H 1
#define HAVE_SYS_UN_H 1
#define HAVE_LINUX_CAN_H 1
#define HAVE_NET_IF_H 1
#define HAVE_READLINK 1
#define HAVE_SYMLINK 1
#define HAVE_IF_NAMETOINDEX 1
#define HAVE_STRUCT_MSGHDR_MSG_CONTROL 1
#define HAVE_IN_ADDR_T 1
#define HAVE_STRUCT_UCRED 1
#define HAVE_GETADDRINFO 1
#define HAVE_GAI_STRERROR 1
#define HAVE_DECL_AI_ADDRCONFIG 1
#define HAVE_DECL_AI_ALL 1
#define HAVE_DECL_AI_NUMERICSERV 1
#define HAVE_DECL_AI_V4MAPPED 1
#define HAVE_DECL_IPV6_V6ONLY 1
#define HAVE_DECL_IPPROTO_IP 1
#define HAVE_DECL_IPPROTO_TCP 1
#define HAVE_DECL_IPPROTO_IPV6 1
#define HAVE_LINUX_SENDFILE 1
#define HAVE_GETHOSTENT 1
#define HAVE_ACCEPT4 1

configure: exit 0
