This file contains any messages produced by compilers while
running configure, to aid debugging if configure makes a mistake.

It was created by Haskell integer (GMP) configure 0.1, which was
generated by GNU Autoconf 2.69.  Invocation command line was

  $ ./configure 

## --------- ##
## Platform. ##
## --------- ##

hostname = localhost
uname -m = x86_64
uname -r = 3.18.5-x86_64-linode52
uname -s = Linux
uname -v = #1 SMP Thu Feb 5 12:18:36 EST 2015

/usr/bin/uname -p = unknown
/bin/uname -X     = unknown

/bin/arch              = unknown
/usr/bin/arch -k       = unknown
/usr/convex/getsysinfo = unknown
/usr/bin/hostinfo      = unknown
/bin/machine           = unknown
/usr/bin/oslevel       = unknown
/bin/universe          = unknown

PATH: /home/ben/.go/bin
PATH: /usr/local/scala-2.11.4/bin
PATH: /usr/local/heroku/bin
PATH: /usr/local/gradle/bin
PATH: /usr/local/Elm-Platform/0.13/bin
PATH: /home/ben/.hstools/.cabal-sandbox/bin
PATH: /home/ben/.cabal/bin
PATH: /home/ben/repo/dotfiles/bin
PATH: /home/ben/bin
PATH: /home/ben/.bin
PATH: /home/ben/hack/fay/.cabal-sandbox/bin
PATH: /home/ben/.gem/ruby/2.1.0/bin
PATH: /home/ben/hack/android/android-sdk-linux/tools
PATH: /opt/ghc/7.8.3/bin
PATH: /opt/cabal/1.20/bin
PATH: /usr/local/go/bin
PATH: /home/ben/.go/bin
PATH: /usr/local/scala-2.11.4/bin
PATH: /usr/local/heroku/bin
PATH: /usr/local/gradle/bin
PATH: /usr/local/Elm-Platform/0.13/bin
PATH: /home/ben/.hstools/.cabal-sandbox/bin
PATH: /home/ben/.cabal/bin
PATH: /home/ben/repo/dotfiles/bin
PATH: /home/ben/bin
PATH: /home/ben/.bin
PATH: /home/ben/hack/fay/.cabal-sandbox/bin
PATH: /home/ben/.gem/ruby/2.1.0/bin
PATH: /home/ben/hack/android/android-sdk-linux/tools
PATH: /opt/ghc/7.8.3/bin
PATH: /opt/cabal/1.20/bin
PATH: /usr/local/go/bin
PATH: /usr/local/sbin
PATH: /usr/local/bin
PATH: /usr/sbin
PATH: /usr/bin
PATH: /sbin
PATH: /bin
PATH: /usr/games
PATH: /usr/local/games
PATH: /home/ben/npm/bin
PATH: /home/ben/npm/bin


## ----------- ##
## Core tests. ##
## ----------- ##

configure:2095: checking build system type
configure:2109: result: x86_64-unknown-linux-gnu
configure:2129: checking host system type
configure:2142: result: x86_64-unknown-linux-gnu
configure:2162: checking target system type
configure:2175: result: x86_64-unknown-linux-gnu
configure:2256: checking for gcc
configure:2272: found /usr/bin/gcc
configure:2283: result: gcc
configure:2512: checking for C compiler version
configure:2521: gcc --version >&5
gcc (Ubuntu/Linaro 4.8.1-10ubuntu9) 4.8.1
Copyright (C) 2013 Free Software Foundation, Inc.
This is free software; see the source for copying conditions.  There is NO
warranty; not even for MERCHANTABILITY or FITNESS FOR A PARTICULAR PURPOSE.

configure:2532: $? = 0
configure:2521: gcc -v >&5
Using built-in specs.
COLLECT_GCC=gcc
COLLECT_LTO_WRAPPER=/usr/lib/gcc/x86_64-linux-gnu/4.8/lto-wrapper
Target: x86_64-linux-gnu
Configured with: ../src/configure -v --with-pkgversion='Ubuntu/Linaro 4.8.1-10ubuntu9' --with-bugurl=file:///usr/share/doc/gcc-4.8/README.Bugs --enable-languages=c,c++,java,go,d,fortran,objc,obj-c++ --prefix=/usr --program-suffix=-4.8 --enable-shared --enable-linker-build-id --libexecdir=/usr/lib --without-included-gettext --enable-threads=posix --with-gxx-include-dir=/usr/include/c++/4.8 --libdir=/usr/lib --enable-nls --with-sysroot=/ --enable-clocale=gnu --enable-libstdcxx-debug --enable-libstdcxx-time=yes --enable-gnu-unique-object --enable-plugin --with-system-zlib --disable-browser-plugin --enable-java-awt=gtk --enable-gtk-cairo --with-java-home=/usr/lib/jvm/java-1.5.0-gcj-4.8-amd64/jre --enable-java-home --with-jvm-root-dir=/usr/lib/jvm/java-1.5.0-gcj-4.8-amd64 --with-jvm-jar-dir=/usr/lib/jvm-exports/java-1.5.0-gcj-4.8-amd64 --with-arch-directory=amd64 --with-ecj-jar=/usr/share/java/eclipse-ecj.jar --enable-objc-gc --enable-multiarch --disable-werror --with-arch-32=i686 --with-abi=m64 --with-multilib-list=m32,m64,mx32 --with-tune=generic --enable-checking=release --build=x86_64-linux-gnu --host=x86_64-linux-gnu --target=x86_64-linux-gnu
Thread model: posix
gcc version 4.8.1 (Ubuntu/Linaro 4.8.1-10ubuntu9) 
configure:2532: $? = 0
configure:2521: gcc -V >&5
gcc: error: unrecognized command line option '-V'
gcc: fatal error: no input files
compilation terminated.
configure:2532: $? = 4
configure:2521: gcc -qversion >&5
gcc: error: unrecognized command line option '-qversion'
gcc: fatal error: no input files
compilation terminated.
configure:2532: $? = 4
configure:2552: checking whether the C compiler works
configure:2574: gcc    conftest.c  >&5
configure:2578: $? = 0
configure:2626: result: yes
configure:2629: checking for C compiler default output file name
configure:2631: result: a.out
configure:2637: checking for suffix of executables
configure:2644: gcc -o conftest    conftest.c  >&5
configure:2648: $? = 0
configure:2670: result: 
configure:2692: checking whether we are cross compiling
configure:2700: gcc -o conftest    conftest.c  >&5
configure:2704: $? = 0
configure:2711: ./conftest
configure:2715: $? = 0
configure:2730: result: no
configure:2735: checking for suffix of object files
configure:2757: gcc -c   conftest.c >&5
configure:2761: $? = 0
configure:2782: result: o
configure:2786: checking whether we are using the GNU C compiler
configure:2805: gcc -c   conftest.c >&5
configure:2805: $? = 0
configure:2814: result: yes
configure:2823: checking whether gcc accepts -g
configure:2843: gcc -c -g  conftest.c >&5
configure:2843: $? = 0
configure:2884: result: yes
configure:2901: checking for gcc option to accept ISO C89
configure:2964: gcc  -c -g -O2  conftest.c >&5
configure:2964: $? = 0
configure:2977: result: none needed
configure:3224: checking for __gmpz_powm in -lgmp
configure:3249: gcc -o conftest -g -O2   conftest.c -lgmp   >&5
configure:3249: $? = 0
configure:3258: result: yes
configure:3310: checking for __gmpz_powm_sec in -lgmp
configure:3335: gcc -o conftest -g -O2   conftest.c -lgmp   >&5
configure:3335: $? = 0
configure:3345: result: yes
configure:3402: checking how to run the C preprocessor
configure:3433: gcc -E  conftest.c
configure:3433: $? = 0
configure:3447: gcc -E  conftest.c
conftest.c:9:28: fatal error: ac_nonexistent.h: No such file or directory
 #include <ac_nonexistent.h>
                            ^
compilation terminated.
configure:3447: $? = 1
configure: failed program was:
| /* confdefs.h */
| #define PACKAGE_NAME "Haskell integer (GMP)"
| #define PACKAGE_TARNAME "integer"
| #define PACKAGE_VERSION "0.1"
| #define PACKAGE_STRING "Haskell integer (GMP) 0.1"
| #define PACKAGE_BUGREPORT "libraries@haskell.org"
| #define PACKAGE_URL ""
| /* end confdefs.h.  */
| #include <ac_nonexistent.h>
configure:3472: result: gcc -E
configure:3492: gcc -E  conftest.c
configure:3492: $? = 0
configure:3506: gcc -E  conftest.c
conftest.c:9:28: fatal error: ac_nonexistent.h: No such file or directory
 #include <ac_nonexistent.h>
                            ^
compilation terminated.
configure:3506: $? = 1
configure: failed program was:
| /* confdefs.h */
| #define PACKAGE_NAME "Haskell integer (GMP)"
| #define PACKAGE_TARNAME "integer"
| #define PACKAGE_VERSION "0.1"
| #define PACKAGE_STRING "Haskell integer (GMP) 0.1"
| #define PACKAGE_BUGREPORT "libraries@haskell.org"
| #define PACKAGE_URL ""
| /* end confdefs.h.  */
| #include <ac_nonexistent.h>
configure:3535: checking for grep that handles long lines and -e
configure:3593: result: /bin/grep
configure:3598: checking for egrep
configure:3660: result: /bin/grep -E
configure:3665: checking for ANSI C header files
configure:3685: gcc -c -g -O2  conftest.c >&5
configure:3685: $? = 0
configure:3758: gcc -o conftest -g -O2   conftest.c  >&5
configure:3758: $? = 0
configure:3758: ./conftest
configure:3758: $? = 0
configure:3769: result: yes
configure:3782: checking for sys/types.h
configure:3782: gcc -c -g -O2  conftest.c >&5
configure:3782: $? = 0
configure:3782: result: yes
configure:3782: checking for sys/stat.h
configure:3782: gcc -c -g -O2  conftest.c >&5
configure:3782: $? = 0
configure:3782: result: yes
configure:3782: checking for stdlib.h
configure:3782: gcc -c -g -O2  conftest.c >&5
configure:3782: $? = 0
configure:3782: result: yes
configure:3782: checking for string.h
configure:3782: gcc -c -g -O2  conftest.c >&5
configure:3782: $? = 0
configure:3782: result: yes
configure:3782: checking for memory.h
configure:3782: gcc -c -g -O2  conftest.c >&5
configure:3782: $? = 0
configure:3782: result: yes
configure:3782: checking for strings.h
configure:3782: gcc -c -g -O2  conftest.c >&5
configure:3782: $? = 0
configure:3782: result: yes
configure:3782: checking for inttypes.h
configure:3782: gcc -c -g -O2  conftest.c >&5
configure:3782: $? = 0
configure:3782: result: yes
configure:3782: checking for stdint.h
configure:3782: gcc -c -g -O2  conftest.c >&5
configure:3782: $? = 0
configure:3782: result: yes
configure:3782: checking for unistd.h
configure:3782: gcc -c -g -O2  conftest.c >&5
configure:3782: $? = 0
configure:3782: result: yes
configure:3794: checking gmp.h usability
configure:3794: gcc -c -g -O2  conftest.c >&5
configure:3794: $? = 0
configure:3794: result: yes
configure:3794: checking gmp.h presence
configure:3794: gcc -E  conftest.c
configure:3794: $? = 0
configure:3794: result: yes
configure:3794: checking for gmp.h
configure:3794: result: yes
configure:3967: creating ./config.status

## ---------------------- ##
## Running config.status. ##
## ---------------------- ##

This file was extended by Haskell integer (GMP) config.status 0.1, which was
generated by GNU Autoconf 2.69.  Invocation command line was

  CONFIG_FILES    = 
  CONFIG_HEADERS  = 
  CONFIG_LINKS    = 
  CONFIG_COMMANDS = 
  $ ./config.status 

on localhost

config.status:744: creating integer-gmp.buildinfo
config.status:744: creating gmp/config.mk
config.status:744: creating include/HsIntegerGmp.h

## ---------------- ##
## Cache variables. ##
## ---------------- ##

ac_cv_build=x86_64-unknown-linux-gnu
ac_cv_c_compiler_gnu=yes
ac_cv_env_CC_set=
ac_cv_env_CC_value=
ac_cv_env_CFLAGS_set=
ac_cv_env_CFLAGS_value=
ac_cv_env_CPPFLAGS_set=
ac_cv_env_CPPFLAGS_value=
ac_cv_env_CPP_set=
ac_cv_env_CPP_value=
ac_cv_env_LDFLAGS_set=
ac_cv_env_LDFLAGS_value=
ac_cv_env_LIBS_set=
ac_cv_env_LIBS_value=
ac_cv_env_build_alias_set=
ac_cv_env_build_alias_value=
ac_cv_env_host_alias_set=
ac_cv_env_host_alias_value=
ac_cv_env_target_alias_set=
ac_cv_env_target_alias_value=
ac_cv_header_gmp_h=yes
ac_cv_header_inttypes_h=yes
ac_cv_header_memory_h=yes
ac_cv_header_stdc=yes
ac_cv_header_stdint_h=yes
ac_cv_header_stdlib_h=yes
ac_cv_header_string_h=yes
ac_cv_header_strings_h=yes
ac_cv_header_sys_stat_h=yes
ac_cv_header_sys_types_h=yes
ac_cv_header_unistd_h=yes
ac_cv_host=x86_64-unknown-linux-gnu
ac_cv_lib_gmp_____gmpz_powm_sec=yes
ac_cv_lib_gmp___gmpz_powm=yes
ac_cv_objext=o
ac_cv_path_EGREP='/bin/grep -E'
ac_cv_path_GREP=/bin/grep
ac_cv_prog_CPP='gcc -E'
ac_cv_prog_ac_ct_CC=gcc
ac_cv_prog_cc_c89=
ac_cv_prog_cc_g=yes
ac_cv_target=x86_64-unknown-linux-gnu

## ----------------- ##
## Output variables. ##
## ----------------- ##

CC='gcc'
CFLAGS='-g -O2'
CPP='gcc -E'
CPPFLAGS=''
DEFS='-DPACKAGE_NAME=\"Haskell\ integer\ \(GMP\)\" -DPACKAGE_TARNAME=\"integer\" -DPACKAGE_VERSION=\"0.1\" -DPACKAGE_STRING=\"Haskell\ integer\ \(GMP\)\ 0.1\" -DPACKAGE_BUGREPORT=\"libraries@haskell.org\" -DPACKAGE_URL=\"\" -DSTDC_HEADERS=1 -DHAVE_SYS_TYPES_H=1 -DHAVE_SYS_STAT_H=1 -DHAVE_STDLIB_H=1 -DHAVE_STRING_H=1 -DHAVE_MEMORY_H=1 -DHAVE_STRINGS_H=1 -DHAVE_INTTYPES_H=1 -DHAVE_STDINT_H=1 -DHAVE_UNISTD_H=1'
ECHO_C=''
ECHO_N='-n'
ECHO_T=''
EGREP='/bin/grep -E'
EXEEXT=''
GMP_FRAMEWORK=''
GMP_INCLUDE_DIRS=''
GMP_LIBS='gmp'
GMP_LIB_DIRS=''
GREP='/bin/grep'
HaveFrameworkGMP='NO'
HaveLibGmp='YES'
HaveSecurePowm='1'
LDFLAGS=''
LIBOBJS=''
LIBS=''
LTLIBOBJS=''
OBJEXT='o'
PACKAGE_BUGREPORT='libraries@haskell.org'
PACKAGE_NAME='Haskell integer (GMP)'
PACKAGE_STRING='Haskell integer (GMP) 0.1'
PACKAGE_TARNAME='integer'
PACKAGE_URL=''
PACKAGE_VERSION='0.1'
PATH_SEPARATOR=':'
SHELL='/bin/bash'
ac_ct_CC='gcc'
bindir='${exec_prefix}/bin'
build='x86_64-unknown-linux-gnu'
build_alias=''
build_cpu='x86_64'
build_os='linux-gnu'
build_vendor='unknown'
datadir='${datarootdir}'
datarootdir='${prefix}/share'
docdir='${datarootdir}/doc/${PACKAGE_TARNAME}'
dvidir='${docdir}'
exec_prefix='${prefix}'
host='x86_64-unknown-linux-gnu'
host_alias=''
host_cpu='x86_64'
host_os='linux-gnu'
host_vendor='unknown'
htmldir='${docdir}'
includedir='${prefix}/include'
infodir='${datarootdir}/info'
libdir='${exec_prefix}/lib'
libexecdir='${exec_prefix}/libexec'
localedir='${datarootdir}/locale'
localstatedir='${prefix}/var'
mandir='${datarootdir}/man'
oldincludedir='/usr/include'
pdfdir='${docdir}'
prefix='/usr/local'
program_transform_name='s,x,x,'
psdir='${docdir}'
sbindir='${exec_prefix}/sbin'
sharedstatedir='${prefix}/com'
sysconfdir='${prefix}/etc'
target='x86_64-unknown-linux-gnu'
target_alias=''
target_cpu='x86_64'
target_os='linux-gnu'
target_vendor='unknown'

## ----------- ##
## confdefs.h. ##
## ----------- ##

/* confdefs.h */
#define PACKAGE_NAME "Haskell integer (GMP)"
#define PACKAGE_TARNAME "integer"
#define PACKAGE_VERSION "0.1"
#define PACKAGE_STRING "Haskell integer (GMP) 0.1"
#define PACKAGE_BUGREPORT "libraries@haskell.org"
#define PACKAGE_URL ""
#define STDC_HEADERS 1
#define HAVE_SYS_TYPES_H 1
#define HAVE_SYS_STAT_H 1
#define HAVE_STDLIB_H 1
#define HAVE_STRING_H 1
#define HAVE_MEMORY_H 1
#define HAVE_STRINGS_H 1
#define HAVE_INTTYPES_H 1
#define HAVE_STDINT_H 1
#define HAVE_UNISTD_H 1

configure: exit 0
