This file contains any messages produced by compilers while
running configure, to aid debugging if configure makes a mistake.

It was created by Haskell time package configure 1.4.0.2, which was
generated by GNU Autoconf 2.69.  Invocation command line was

  $ ./configure 

## --------- ##
## Platform. ##
## --------- ##

hostname = localhost
uname -m = x86_64
uname -r = 3.18.5-x86_64-linode52
uname -s = Linux
uname -v = #1 SMP Thu Feb 5 12:18:36 EST 2015

/usr/bin/uname -p = unknown
/bin/uname -X     = unknown

/bin/arch              = unknown
/usr/bin/arch -k       = unknown
/usr/convex/getsysinfo = unknown
/usr/bin/hostinfo      = unknown
/bin/machine           = unknown
/usr/bin/oslevel       = unknown
/bin/universe          = unknown

PATH: /home/ben/.go/bin
PATH: /usr/local/scala-2.11.4/bin
PATH: /usr/local/heroku/bin
PATH: /usr/local/gradle/bin
PATH: /usr/local/Elm-Platform/0.13/bin
PATH: /home/ben/.hstools/.cabal-sandbox/bin
PATH: /home/ben/.cabal/bin
PATH: /home/ben/repo/dotfiles/bin
PATH: /home/ben/bin
PATH: /home/ben/.bin
PATH: /home/ben/hack/fay/.cabal-sandbox/bin
PATH: /home/ben/.gem/ruby/2.1.0/bin
PATH: /home/ben/hack/android/android-sdk-linux/tools
PATH: /opt/ghc/7.8.3/bin
PATH: /opt/cabal/1.20/bin
PATH: /usr/local/go/bin
PATH: /home/ben/.go/bin
PATH: /usr/local/scala-2.11.4/bin
PATH: /usr/local/heroku/bin
PATH: /usr/local/gradle/bin
PATH: /usr/local/Elm-Platform/0.13/bin
PATH: /home/ben/.hstools/.cabal-sandbox/bin
PATH: /home/ben/.cabal/bin
PATH: /home/ben/repo/dotfiles/bin
PATH: /home/ben/bin
PATH: /home/ben/.bin
PATH: /home/ben/hack/fay/.cabal-sandbox/bin
PATH: /home/ben/.gem/ruby/2.1.0/bin
PATH: /home/ben/hack/android/android-sdk-linux/tools
PATH: /opt/ghc/7.8.3/bin
PATH: /opt/cabal/1.20/bin
PATH: /usr/local/go/bin
PATH: /usr/local/sbin
PATH: /usr/local/bin
PATH: /usr/sbin
PATH: /usr/bin
PATH: /sbin
PATH: /bin
PATH: /usr/games
PATH: /usr/local/games
PATH: /home/ben/npm/bin
PATH: /home/ben/npm/bin


## ----------- ##
## Core tests. ##
## ----------- ##

configure:2269: checking for gcc
configure:2285: found /usr/bin/gcc
configure:2296: result: gcc
configure:2525: checking for C compiler version
configure:2534: gcc --version >&5
gcc (Ubuntu/Linaro 4.8.1-10ubuntu9) 4.8.1
Copyright (C) 2013 Free Software Foundation, Inc.
This is free software; see the source for copying conditions.  There is NO
warranty; not even for MERCHANTABILITY or FITNESS FOR A PARTICULAR PURPOSE.

configure:2545: $? = 0
configure:2534: gcc -v >&5
Using built-in specs.
COLLECT_GCC=gcc
COLLECT_LTO_WRAPPER=/usr/lib/gcc/x86_64-linux-gnu/4.8/lto-wrapper
Target: x86_64-linux-gnu
Configured with: ../src/configure -v --with-pkgversion='Ubuntu/Linaro 4.8.1-10ubuntu9' --with-bugurl=file:///usr/share/doc/gcc-4.8/README.Bugs --enable-languages=c,c++,java,go,d,fortran,objc,obj-c++ --prefix=/usr --program-suffix=-4.8 --enable-shared --enable-linker-build-id --libexecdir=/usr/lib --without-included-gettext --enable-threads=posix --with-gxx-include-dir=/usr/include/c++/4.8 --libdir=/usr/lib --enable-nls --with-sysroot=/ --enable-clocale=gnu --enable-libstdcxx-debug --enable-libstdcxx-time=yes --enable-gnu-unique-object --enable-plugin --with-system-zlib --disable-browser-plugin --enable-java-awt=gtk --enable-gtk-cairo --with-java-home=/usr/lib/jvm/java-1.5.0-gcj-4.8-amd64/jre --enable-java-home --with-jvm-root-dir=/usr/lib/jvm/java-1.5.0-gcj-4.8-amd64 --with-jvm-jar-dir=/usr/lib/jvm-exports/java-1.5.0-gcj-4.8-amd64 --with-arch-directory=amd64 --with-ecj-jar=/usr/share/java/eclipse-ecj.jar --enable-objc-gc --enable-multiarch --disable-werror --with-arch-32=i686 --with-abi=m64 --with-multilib-list=m32,m64,mx32 --with-tune=generic --enable-checking=release --build=x86_64-linux-gnu --host=x86_64-linux-gnu --target=x86_64-linux-gnu
Thread model: posix
gcc version 4.8.1 (Ubuntu/Linaro 4.8.1-10ubuntu9) 
configure:2545: $? = 0
configure:2534: gcc -V >&5
gcc: error: unrecognized command line option '-V'
gcc: fatal error: no input files
compilation terminated.
configure:2545: $? = 4
configure:2534: gcc -qversion >&5
gcc: error: unrecognized command line option '-qversion'
gcc: fatal error: no input files
compilation terminated.
configure:2545: $? = 4
configure:2565: checking whether the C compiler works
configure:2587: gcc    conftest.c  >&5
configure:2591: $? = 0
configure:2639: result: yes
configure:2642: checking for C compiler default output file name
configure:2644: result: a.out
configure:2650: checking for suffix of executables
configure:2657: gcc -o conftest    conftest.c  >&5
configure:2661: $? = 0
configure:2683: result: 
configure:2705: checking whether we are cross compiling
configure:2713: gcc -o conftest    conftest.c  >&5
configure:2717: $? = 0
configure:2724: ./conftest
configure:2728: $? = 0
configure:2743: result: no
configure:2748: checking for suffix of object files
configure:2770: gcc -c   conftest.c >&5
configure:2774: $? = 0
configure:2795: result: o
configure:2799: checking whether we are using the GNU C compiler
configure:2818: gcc -c   conftest.c >&5
configure:2818: $? = 0
configure:2827: result: yes
configure:2836: checking whether gcc accepts -g
configure:2856: gcc -c -g  conftest.c >&5
configure:2856: $? = 0
configure:2897: result: yes
configure:2914: checking for gcc option to accept ISO C89
configure:2977: gcc  -c -g -O2  conftest.c >&5
configure:2977: $? = 0
configure:2990: result: none needed
configure:3020: checking how to run the C preprocessor
configure:3051: gcc -E  conftest.c
configure:3051: $? = 0
configure:3065: gcc -E  conftest.c
conftest.c:9:28: fatal error: ac_nonexistent.h: No such file or directory
 #include <ac_nonexistent.h>
                            ^
compilation terminated.
configure:3065: $? = 1
configure: failed program was:
| /* confdefs.h */
| #define PACKAGE_NAME "Haskell time package"
| #define PACKAGE_TARNAME "time"
| #define PACKAGE_VERSION "1.4.0.2"
| #define PACKAGE_STRING "Haskell time package 1.4.0.2"
| #define PACKAGE_BUGREPORT "ashley@semantic.org"
| #define PACKAGE_URL ""
| /* end confdefs.h.  */
| #include <ac_nonexistent.h>
configure:3090: result: gcc -E
configure:3110: gcc -E  conftest.c
configure:3110: $? = 0
configure:3124: gcc -E  conftest.c
conftest.c:9:28: fatal error: ac_nonexistent.h: No such file or directory
 #include <ac_nonexistent.h>
                            ^
compilation terminated.
configure:3124: $? = 1
configure: failed program was:
| /* confdefs.h */
| #define PACKAGE_NAME "Haskell time package"
| #define PACKAGE_TARNAME "time"
| #define PACKAGE_VERSION "1.4.0.2"
| #define PACKAGE_STRING "Haskell time package 1.4.0.2"
| #define PACKAGE_BUGREPORT "ashley@semantic.org"
| #define PACKAGE_URL ""
| /* end confdefs.h.  */
| #include <ac_nonexistent.h>
configure:3153: checking for grep that handles long lines and -e
configure:3211: result: /bin/grep
configure:3216: checking for egrep
configure:3278: result: /bin/grep -E
configure:3283: checking for ANSI C header files
configure:3303: gcc -c -g -O2  conftest.c >&5
configure:3303: $? = 0
configure:3376: gcc -o conftest -g -O2   conftest.c  >&5
configure:3376: $? = 0
configure:3376: ./conftest
configure:3376: $? = 0
configure:3387: result: yes
configure:3400: checking for sys/types.h
configure:3400: gcc -c -g -O2  conftest.c >&5
configure:3400: $? = 0
configure:3400: result: yes
configure:3400: checking for sys/stat.h
configure:3400: gcc -c -g -O2  conftest.c >&5
configure:3400: $? = 0
configure:3400: result: yes
configure:3400: checking for stdlib.h
configure:3400: gcc -c -g -O2  conftest.c >&5
configure:3400: $? = 0
configure:3400: result: yes
configure:3400: checking for string.h
configure:3400: gcc -c -g -O2  conftest.c >&5
configure:3400: $? = 0
configure:3400: result: yes
configure:3400: checking for memory.h
configure:3400: gcc -c -g -O2  conftest.c >&5
configure:3400: $? = 0
configure:3400: result: yes
configure:3400: checking for strings.h
configure:3400: gcc -c -g -O2  conftest.c >&5
configure:3400: $? = 0
configure:3400: result: yes
configure:3400: checking for inttypes.h
configure:3400: gcc -c -g -O2  conftest.c >&5
configure:3400: $? = 0
configure:3400: result: yes
configure:3400: checking for stdint.h
configure:3400: gcc -c -g -O2  conftest.c >&5
configure:3400: $? = 0
configure:3400: result: yes
configure:3400: checking for unistd.h
configure:3400: gcc -c -g -O2  conftest.c >&5
configure:3400: $? = 0
configure:3400: result: yes
configure:3414: checking time.h usability
configure:3414: gcc -c -g -O2  conftest.c >&5
configure:3414: $? = 0
configure:3414: result: yes
configure:3414: checking time.h presence
configure:3414: gcc -E  conftest.c
configure:3414: $? = 0
configure:3414: result: yes
configure:3414: checking for time.h
configure:3414: result: yes
configure:3427: checking for gmtime_r
configure:3427: gcc -o conftest -g -O2   conftest.c  >&5
configure:3427: $? = 0
configure:3427: result: yes
configure:3427: checking for localtime_r
configure:3427: gcc -o conftest -g -O2   conftest.c  >&5
configure:3427: $? = 0
configure:3427: result: yes
configure:3437: checking whether struct tm is in sys/time.h or time.h
configure:3457: gcc -c -g -O2  conftest.c >&5
configure:3457: $? = 0
configure:3464: result: time.h
configure:3472: checking for struct tm.tm_zone
configure:3472: gcc -c -g -O2  conftest.c >&5
configure:3472: $? = 0
configure:3472: result: yes
configure:3540: checking whether time.h and sys/time.h may both be included
configure:3560: gcc -c -g -O2  conftest.c >&5
configure:3560: $? = 0
configure:3567: result: yes
configure:3577: checking sys/time.h usability
configure:3577: gcc -c -g -O2  conftest.c >&5
configure:3577: $? = 0
configure:3577: result: yes
configure:3577: checking sys/time.h presence
configure:3577: gcc -E  conftest.c
configure:3577: $? = 0
configure:3577: result: yes
configure:3577: checking for sys/time.h
configure:3577: result: yes
configure:3587: checking whether altzone is declared
configure:3587: gcc -c -g -O2  conftest.c >&5
conftest.c: In function 'main':
conftest.c:44:10: error: 'altzone' undeclared (first use in this function)
   (void) altzone;
          ^
conftest.c:44:10: note: each undeclared identifier is reported only once for each function it appears in
configure:3587: $? = 1
configure: failed program was:
| /* confdefs.h */
| #define PACKAGE_NAME "Haskell time package"
| #define PACKAGE_TARNAME "time"
| #define PACKAGE_VERSION "1.4.0.2"
| #define PACKAGE_STRING "Haskell time package 1.4.0.2"
| #define PACKAGE_BUGREPORT "ashley@semantic.org"
| #define PACKAGE_URL ""
| #define STDC_HEADERS 1
| #define HAVE_SYS_TYPES_H 1
| #define HAVE_SYS_STAT_H 1
| #define HAVE_STDLIB_H 1
| #define HAVE_STRING_H 1
| #define HAVE_MEMORY_H 1
| #define HAVE_STRINGS_H 1
| #define HAVE_INTTYPES_H 1
| #define HAVE_STDINT_H 1
| #define HAVE_UNISTD_H 1
| #define HAVE_TIME_H 1
| #define HAVE_GMTIME_R 1
| #define HAVE_LOCALTIME_R 1
| #define HAVE_STRUCT_TM_TM_ZONE 1
| #define HAVE_TM_ZONE 1
| #define TIME_WITH_SYS_TIME 1
| #define HAVE_SYS_TIME_H 1
| /* end confdefs.h.  */
| #if TIME_WITH_SYS_TIME
| # include <sys/time.h>
| # include <time.h>
| #else
| # if HAVE_SYS_TIME_H
| #  include <sys/time.h>
| # else
| #  include <time.h>
| # endif
| #endif
| 
| int
| main ()
| {
| #ifndef altzone
| #ifdef __cplusplus
|   (void) altzone;
| #else
|   (void) altzone;
| #endif
| #endif
| 
|   ;
|   return 0;
| }
configure:3587: result: no
configure:3724: creating ./config.status

## ---------------------- ##
## Running config.status. ##
## ---------------------- ##

This file was extended by Haskell time package config.status 1.4.0.2, which was
generated by GNU Autoconf 2.69.  Invocation command line was

  CONFIG_FILES    = 
  CONFIG_HEADERS  = 
  CONFIG_LINKS    = 
  CONFIG_COMMANDS = 
  $ ./config.status 

on localhost

config.status:682: creating lib/include/HsTimeConfig.h
config.status:772: lib/include/HsTimeConfig.h is unchanged

## ---------------- ##
## Cache variables. ##
## ---------------- ##

ac_cv_c_compiler_gnu=yes
ac_cv_env_CC_set=
ac_cv_env_CC_value=
ac_cv_env_CFLAGS_set=
ac_cv_env_CFLAGS_value=
ac_cv_env_CPPFLAGS_set=
ac_cv_env_CPPFLAGS_value=
ac_cv_env_CPP_set=
ac_cv_env_CPP_value=
ac_cv_env_LDFLAGS_set=
ac_cv_env_LDFLAGS_value=
ac_cv_env_LIBS_set=
ac_cv_env_LIBS_value=
ac_cv_env_build_alias_set=
ac_cv_env_build_alias_value=
ac_cv_env_host_alias_set=
ac_cv_env_host_alias_value=
ac_cv_env_target_alias_set=
ac_cv_env_target_alias_value=
ac_cv_func_gmtime_r=yes
ac_cv_func_localtime_r=yes
ac_cv_have_decl_altzone=no
ac_cv_header_inttypes_h=yes
ac_cv_header_memory_h=yes
ac_cv_header_stdc=yes
ac_cv_header_stdint_h=yes
ac_cv_header_stdlib_h=yes
ac_cv_header_string_h=yes
ac_cv_header_strings_h=yes
ac_cv_header_sys_stat_h=yes
ac_cv_header_sys_time_h=yes
ac_cv_header_sys_types_h=yes
ac_cv_header_time=yes
ac_cv_header_time_h=yes
ac_cv_header_unistd_h=yes
ac_cv_member_struct_tm_tm_zone=yes
ac_cv_objext=o
ac_cv_path_EGREP='/bin/grep -E'
ac_cv_path_GREP=/bin/grep
ac_cv_prog_CPP='gcc -E'
ac_cv_prog_ac_ct_CC=gcc
ac_cv_prog_cc_c89=
ac_cv_prog_cc_g=yes
ac_cv_struct_tm=time.h

## ----------------- ##
## Output variables. ##
## ----------------- ##

CC='gcc'
CFLAGS='-g -O2'
CPP='gcc -E'
CPPFLAGS=''
DEFS='-DHAVE_CONFIG_H'
ECHO_C=''
ECHO_N='-n'
ECHO_T=''
EGREP='/bin/grep -E'
EXEEXT=''
GREP='/bin/grep'
LDFLAGS=''
LIBOBJS=''
LIBS=''
LTLIBOBJS=''
OBJEXT='o'
PACKAGE_BUGREPORT='ashley@semantic.org'
PACKAGE_NAME='Haskell time package'
PACKAGE_STRING='Haskell time package 1.4.0.2'
PACKAGE_TARNAME='time'
PACKAGE_URL=''
PACKAGE_VERSION='1.4.0.2'
PATH_SEPARATOR=':'
SHELL='/bin/bash'
ac_ct_CC='gcc'
bindir='${exec_prefix}/bin'
build_alias=''
datadir='${datarootdir}'
datarootdir='${prefix}/share'
docdir='${datarootdir}/doc/${PACKAGE_TARNAME}'
dvidir='${docdir}'
exec_prefix='${prefix}'
host_alias=''
htmldir='${docdir}'
includedir='${prefix}/include'
infodir='${datarootdir}/info'
libdir='${exec_prefix}/lib'
libexecdir='${exec_prefix}/libexec'
localedir='${datarootdir}/locale'
localstatedir='${prefix}/var'
mandir='${datarootdir}/man'
oldincludedir='/usr/include'
pdfdir='${docdir}'
prefix='/usr/local'
program_transform_name='s,x,x,'
psdir='${docdir}'
sbindir='${exec_prefix}/sbin'
sharedstatedir='${prefix}/com'
sysconfdir='${prefix}/etc'
target_alias=''

## ----------- ##
## confdefs.h. ##
## ----------- ##

/* confdefs.h */
#define PACKAGE_NAME "Haskell time package"
#define PACKAGE_TARNAME "time"
#define PACKAGE_VERSION "1.4.0.2"
#define PACKAGE_STRING "Haskell time package 1.4.0.2"
#define PACKAGE_BUGREPORT "ashley@semantic.org"
#define PACKAGE_URL ""
#define STDC_HEADERS 1
#define HAVE_SYS_TYPES_H 1
#define HAVE_SYS_STAT_H 1
#define HAVE_STDLIB_H 1
#define HAVE_STRING_H 1
#define HAVE_MEMORY_H 1
#define HAVE_STRINGS_H 1
#define HAVE_INTTYPES_H 1
#define HAVE_STDINT_H 1
#define HAVE_UNISTD_H 1
#define HAVE_TIME_H 1
#define HAVE_GMTIME_R 1
#define HAVE_LOCALTIME_R 1
#define HAVE_STRUCT_TM_TM_ZONE 1
#define HAVE_TM_ZONE 1
#define TIME_WITH_SYS_TIME 1
#define HAVE_SYS_TIME_H 1
#define HAVE_DECL_ALTZONE 0

configure: exit 0
