This file contains any messages produced by compilers while
running configure, to aid debugging if configure makes a mistake.

It was created by Haskell process package configure 1.0, which was
generated by GNU Autoconf 2.69.  Invocation command line was

  $ ./configure 

## --------- ##
## Platform. ##
## --------- ##

hostname = localhost
uname -m = x86_64
uname -r = 3.18.5-x86_64-linode52
uname -s = Linux
uname -v = #1 SMP Thu Feb 5 12:18:36 EST 2015

/usr/bin/uname -p = unknown
/bin/uname -X     = unknown

/bin/arch              = unknown
/usr/bin/arch -k       = unknown
/usr/convex/getsysinfo = unknown
/usr/bin/hostinfo      = unknown
/bin/machine           = unknown
/usr/bin/oslevel       = unknown
/bin/universe          = unknown

PATH: /home/ben/.go/bin
PATH: /usr/local/scala-2.11.4/bin
PATH: /usr/local/heroku/bin
PATH: /usr/local/gradle/bin
PATH: /usr/local/Elm-Platform/0.13/bin
PATH: /home/ben/.hstools/.cabal-sandbox/bin
PATH: /home/ben/.cabal/bin
PATH: /home/ben/repo/dotfiles/bin
PATH: /home/ben/bin
PATH: /home/ben/.bin
PATH: /home/ben/hack/fay/.cabal-sandbox/bin
PATH: /home/ben/.gem/ruby/2.1.0/bin
PATH: /home/ben/hack/android/android-sdk-linux/tools
PATH: /opt/ghc/7.8.3/bin
PATH: /opt/cabal/1.20/bin
PATH: /usr/local/go/bin
PATH: /home/ben/.go/bin
PATH: /usr/local/scala-2.11.4/bin
PATH: /usr/local/heroku/bin
PATH: /usr/local/gradle/bin
PATH: /usr/local/Elm-Platform/0.13/bin
PATH: /home/ben/.hstools/.cabal-sandbox/bin
PATH: /home/ben/.cabal/bin
PATH: /home/ben/repo/dotfiles/bin
PATH: /home/ben/bin
PATH: /home/ben/.bin
PATH: /home/ben/hack/fay/.cabal-sandbox/bin
PATH: /home/ben/.gem/ruby/2.1.0/bin
PATH: /home/ben/hack/android/android-sdk-linux/tools
PATH: /opt/ghc/7.8.3/bin
PATH: /opt/cabal/1.20/bin
PATH: /usr/local/go/bin
PATH: /usr/local/sbin
PATH: /usr/local/bin
PATH: /usr/sbin
PATH: /usr/bin
PATH: /sbin
PATH: /bin
PATH: /usr/games
PATH: /usr/local/games
PATH: /home/ben/npm/bin
PATH: /home/ben/npm/bin


## ----------- ##
## Core tests. ##
## ----------- ##

configure:2390: checking for gcc
configure:2406: found /usr/bin/gcc
configure:2417: result: gcc
configure:2646: checking for C compiler version
configure:2655: gcc --version >&5
gcc (Ubuntu/Linaro 4.8.1-10ubuntu9) 4.8.1
Copyright (C) 2013 Free Software Foundation, Inc.
This is free software; see the source for copying conditions.  There is NO
warranty; not even for MERCHANTABILITY or FITNESS FOR A PARTICULAR PURPOSE.

configure:2666: $? = 0
configure:2655: gcc -v >&5
Using built-in specs.
COLLECT_GCC=gcc
COLLECT_LTO_WRAPPER=/usr/lib/gcc/x86_64-linux-gnu/4.8/lto-wrapper
Target: x86_64-linux-gnu
Configured with: ../src/configure -v --with-pkgversion='Ubuntu/Linaro 4.8.1-10ubuntu9' --with-bugurl=file:///usr/share/doc/gcc-4.8/README.Bugs --enable-languages=c,c++,java,go,d,fortran,objc,obj-c++ --prefix=/usr --program-suffix=-4.8 --enable-shared --enable-linker-build-id --libexecdir=/usr/lib --without-included-gettext --enable-threads=posix --with-gxx-include-dir=/usr/include/c++/4.8 --libdir=/usr/lib --enable-nls --with-sysroot=/ --enable-clocale=gnu --enable-libstdcxx-debug --enable-libstdcxx-time=yes --enable-gnu-unique-object --enable-plugin --with-system-zlib --disable-browser-plugin --enable-java-awt=gtk --enable-gtk-cairo --with-java-home=/usr/lib/jvm/java-1.5.0-gcj-4.8-amd64/jre --enable-java-home --with-jvm-root-dir=/usr/lib/jvm/java-1.5.0-gcj-4.8-amd64 --with-jvm-jar-dir=/usr/lib/jvm-exports/java-1.5.0-gcj-4.8-amd64 --with-arch-directory=amd64 --with-ecj-jar=/usr/share/java/eclipse-ecj.jar --enable-objc-gc --enable-multiarch --disable-werror --with-arch-32=i686 --with-abi=m64 --with-multilib-list=m32,m64,mx32 --with-tune=generic --enable-checking=release --build=x86_64-linux-gnu --host=x86_64-linux-gnu --target=x86_64-linux-gnu
Thread model: posix
gcc version 4.8.1 (Ubuntu/Linaro 4.8.1-10ubuntu9) 
configure:2666: $? = 0
configure:2655: gcc -V >&5
gcc: error: unrecognized command line option '-V'
gcc: fatal error: no input files
compilation terminated.
configure:2666: $? = 4
configure:2655: gcc -qversion >&5
gcc: error: unrecognized command line option '-qversion'
gcc: fatal error: no input files
compilation terminated.
configure:2666: $? = 4
configure:2686: checking whether the C compiler works
configure:2708: gcc    conftest.c  >&5
configure:2712: $? = 0
configure:2760: result: yes
configure:2763: checking for C compiler default output file name
configure:2765: result: a.out
configure:2771: checking for suffix of executables
configure:2778: gcc -o conftest    conftest.c  >&5
configure:2782: $? = 0
configure:2804: result: 
configure:2826: checking whether we are cross compiling
configure:2834: gcc -o conftest    conftest.c  >&5
configure:2838: $? = 0
configure:2845: ./conftest
configure:2849: $? = 0
configure:2864: result: no
configure:2869: checking for suffix of object files
configure:2891: gcc -c   conftest.c >&5
configure:2895: $? = 0
configure:2916: result: o
configure:2920: checking whether we are using the GNU C compiler
configure:2939: gcc -c   conftest.c >&5
configure:2939: $? = 0
configure:2948: result: yes
configure:2957: checking whether gcc accepts -g
configure:2977: gcc -c -g  conftest.c >&5
configure:2977: $? = 0
configure:3018: result: yes
configure:3035: checking for gcc option to accept ISO C89
configure:3098: gcc  -c -g -O2  conftest.c >&5
configure:3098: $? = 0
configure:3111: result: none needed
configure:3138: checking how to run the C preprocessor
configure:3169: gcc -E  conftest.c
configure:3169: $? = 0
configure:3183: gcc -E  conftest.c
conftest.c:9:28: fatal error: ac_nonexistent.h: No such file or directory
 #include <ac_nonexistent.h>
                            ^
compilation terminated.
configure:3183: $? = 1
configure: failed program was:
| /* confdefs.h */
| #define PACKAGE_NAME "Haskell process package"
| #define PACKAGE_TARNAME "process"
| #define PACKAGE_VERSION "1.0"
| #define PACKAGE_STRING "Haskell process package 1.0"
| #define PACKAGE_BUGREPORT "libraries@haskell.org"
| #define PACKAGE_URL ""
| /* end confdefs.h.  */
| #include <ac_nonexistent.h>
configure:3208: result: gcc -E
configure:3228: gcc -E  conftest.c
configure:3228: $? = 0
configure:3242: gcc -E  conftest.c
conftest.c:9:28: fatal error: ac_nonexistent.h: No such file or directory
 #include <ac_nonexistent.h>
                            ^
compilation terminated.
configure:3242: $? = 1
configure: failed program was:
| /* confdefs.h */
| #define PACKAGE_NAME "Haskell process package"
| #define PACKAGE_TARNAME "process"
| #define PACKAGE_VERSION "1.0"
| #define PACKAGE_STRING "Haskell process package 1.0"
| #define PACKAGE_BUGREPORT "libraries@haskell.org"
| #define PACKAGE_URL ""
| /* end confdefs.h.  */
| #include <ac_nonexistent.h>
configure:3271: checking for grep that handles long lines and -e
configure:3329: result: /bin/grep
configure:3334: checking for egrep
configure:3396: result: /bin/grep -E
configure:3401: checking for ANSI C header files
configure:3421: gcc -c -g -O2  conftest.c >&5
configure:3421: $? = 0
configure:3494: gcc -o conftest -g -O2   conftest.c  >&5
configure:3494: $? = 0
configure:3494: ./conftest
configure:3494: $? = 0
configure:3505: result: yes
configure:3518: checking for sys/types.h
configure:3518: gcc -c -g -O2  conftest.c >&5
configure:3518: $? = 0
configure:3518: result: yes
configure:3518: checking for sys/stat.h
configure:3518: gcc -c -g -O2  conftest.c >&5
configure:3518: $? = 0
configure:3518: result: yes
configure:3518: checking for stdlib.h
configure:3518: gcc -c -g -O2  conftest.c >&5
configure:3518: $? = 0
configure:3518: result: yes
configure:3518: checking for string.h
configure:3518: gcc -c -g -O2  conftest.c >&5
configure:3518: $? = 0
configure:3518: result: yes
configure:3518: checking for memory.h
configure:3518: gcc -c -g -O2  conftest.c >&5
configure:3518: $? = 0
configure:3518: result: yes
configure:3518: checking for strings.h
configure:3518: gcc -c -g -O2  conftest.c >&5
configure:3518: $? = 0
configure:3518: result: yes
configure:3518: checking for inttypes.h
configure:3518: gcc -c -g -O2  conftest.c >&5
configure:3518: $? = 0
configure:3518: result: yes
configure:3518: checking for stdint.h
configure:3518: gcc -c -g -O2  conftest.c >&5
configure:3518: $? = 0
configure:3518: result: yes
configure:3518: checking for unistd.h
configure:3518: gcc -c -g -O2  conftest.c >&5
configure:3518: $? = 0
configure:3518: result: yes
configure:3530: checking for pid_t
configure:3530: gcc -c -g -O2  conftest.c >&5
configure:3530: $? = 0
configure:3530: gcc -c -g -O2  conftest.c >&5
conftest.c: In function 'main':
conftest.c:55:20: error: expected expression before ')' token
 if (sizeof ((pid_t)))
                    ^
configure:3530: $? = 1
configure: failed program was:
| /* confdefs.h */
| #define PACKAGE_NAME "Haskell process package"
| #define PACKAGE_TARNAME "process"
| #define PACKAGE_VERSION "1.0"
| #define PACKAGE_STRING "Haskell process package 1.0"
| #define PACKAGE_BUGREPORT "libraries@haskell.org"
| #define PACKAGE_URL ""
| #define STDC_HEADERS 1
| #define HAVE_SYS_TYPES_H 1
| #define HAVE_SYS_STAT_H 1
| #define HAVE_STDLIB_H 1
| #define HAVE_STRING_H 1
| #define HAVE_MEMORY_H 1
| #define HAVE_STRINGS_H 1
| #define HAVE_INTTYPES_H 1
| #define HAVE_STDINT_H 1
| #define HAVE_UNISTD_H 1
| /* end confdefs.h.  */
| #include <stdio.h>
| #ifdef HAVE_SYS_TYPES_H
| # include <sys/types.h>
| #endif
| #ifdef HAVE_SYS_STAT_H
| # include <sys/stat.h>
| #endif
| #ifdef STDC_HEADERS
| # include <stdlib.h>
| # include <stddef.h>
| #else
| # ifdef HAVE_STDLIB_H
| #  include <stdlib.h>
| # endif
| #endif
| #ifdef HAVE_STRING_H
| # if !defined STDC_HEADERS && defined HAVE_MEMORY_H
| #  include <memory.h>
| # endif
| # include <string.h>
| #endif
| #ifdef HAVE_STRINGS_H
| # include <strings.h>
| #endif
| #ifdef HAVE_INTTYPES_H
| # include <inttypes.h>
| #endif
| #ifdef HAVE_STDINT_H
| # include <stdint.h>
| #endif
| #ifdef HAVE_UNISTD_H
| # include <unistd.h>
| #endif
| int
| main ()
| {
| if (sizeof ((pid_t)))
| 	    return 0;
|   ;
|   return 0;
| }
configure:3530: result: yes
configure:3543: checking vfork.h usability
configure:3543: gcc -c -g -O2  conftest.c >&5
conftest.c:52:19: fatal error: vfork.h: No such file or directory
 #include <vfork.h>
                   ^
compilation terminated.
configure:3543: $? = 1
configure: failed program was:
| /* confdefs.h */
| #define PACKAGE_NAME "Haskell process package"
| #define PACKAGE_TARNAME "process"
| #define PACKAGE_VERSION "1.0"
| #define PACKAGE_STRING "Haskell process package 1.0"
| #define PACKAGE_BUGREPORT "libraries@haskell.org"
| #define PACKAGE_URL ""
| #define STDC_HEADERS 1
| #define HAVE_SYS_TYPES_H 1
| #define HAVE_SYS_STAT_H 1
| #define HAVE_STDLIB_H 1
| #define HAVE_STRING_H 1
| #define HAVE_MEMORY_H 1
| #define HAVE_STRINGS_H 1
| #define HAVE_INTTYPES_H 1
| #define HAVE_STDINT_H 1
| #define HAVE_UNISTD_H 1
| /* end confdefs.h.  */
| #include <stdio.h>
| #ifdef HAVE_SYS_TYPES_H
| # include <sys/types.h>
| #endif
| #ifdef HAVE_SYS_STAT_H
| # include <sys/stat.h>
| #endif
| #ifdef STDC_HEADERS
| # include <stdlib.h>
| # include <stddef.h>
| #else
| # ifdef HAVE_STDLIB_H
| #  include <stdlib.h>
| # endif
| #endif
| #ifdef HAVE_STRING_H
| # if !defined STDC_HEADERS && defined HAVE_MEMORY_H
| #  include <memory.h>
| # endif
| # include <string.h>
| #endif
| #ifdef HAVE_STRINGS_H
| # include <strings.h>
| #endif
| #ifdef HAVE_INTTYPES_H
| # include <inttypes.h>
| #endif
| #ifdef HAVE_STDINT_H
| # include <stdint.h>
| #endif
| #ifdef HAVE_UNISTD_H
| # include <unistd.h>
| #endif
| #include <vfork.h>
configure:3543: result: no
configure:3543: checking vfork.h presence
configure:3543: gcc -E  conftest.c
conftest.c:19:19: fatal error: vfork.h: No such file or directory
 #include <vfork.h>
                   ^
compilation terminated.
configure:3543: $? = 1
configure: failed program was:
| /* confdefs.h */
| #define PACKAGE_NAME "Haskell process package"
| #define PACKAGE_TARNAME "process"
| #define PACKAGE_VERSION "1.0"
| #define PACKAGE_STRING "Haskell process package 1.0"
| #define PACKAGE_BUGREPORT "libraries@haskell.org"
| #define PACKAGE_URL ""
| #define STDC_HEADERS 1
| #define HAVE_SYS_TYPES_H 1
| #define HAVE_SYS_STAT_H 1
| #define HAVE_STDLIB_H 1
| #define HAVE_STRING_H 1
| #define HAVE_MEMORY_H 1
| #define HAVE_STRINGS_H 1
| #define HAVE_INTTYPES_H 1
| #define HAVE_STDINT_H 1
| #define HAVE_UNISTD_H 1
| /* end confdefs.h.  */
| #include <vfork.h>
configure:3543: result: no
configure:3543: checking for vfork.h
configure:3543: result: no
configure:3556: checking for fork
configure:3556: gcc -o conftest -g -O2   conftest.c  >&5
conftest.c:42:6: warning: conflicting types for built-in function 'fork' [enabled by default]
 char fork ();
      ^
configure:3556: $? = 0
configure:3556: result: yes
configure:3556: checking for vfork
configure:3556: gcc -o conftest -g -O2   conftest.c  >&5
configure:3556: $? = 0
configure:3556: result: yes
configure:3566: checking for working fork
configure:3588: gcc -o conftest -g -O2   conftest.c  >&5
configure:3588: $? = 0
configure:3588: ./conftest
configure:3588: $? = 0
configure:3598: result: yes
configure:3619: checking for working vfork
configure:3729: result: yes
configure:3759: checking signal.h usability
configure:3759: gcc -c -g -O2  conftest.c >&5
configure:3759: $? = 0
configure:3759: result: yes
configure:3759: checking signal.h presence
configure:3759: gcc -E  conftest.c
configure:3759: $? = 0
configure:3759: result: yes
configure:3759: checking for signal.h
configure:3759: result: yes
configure:3759: checking sys/wait.h usability
configure:3759: gcc -c -g -O2  conftest.c >&5
configure:3759: $? = 0
configure:3759: result: yes
configure:3759: checking sys/wait.h presence
configure:3759: gcc -E  conftest.c
configure:3759: $? = 0
configure:3759: result: yes
configure:3759: checking for sys/wait.h
configure:3759: result: yes
configure:3759: checking fcntl.h usability
configure:3759: gcc -c -g -O2  conftest.c >&5
configure:3759: $? = 0
configure:3759: result: yes
configure:3759: checking fcntl.h presence
configure:3759: gcc -E  conftest.c
configure:3759: $? = 0
configure:3759: result: yes
configure:3759: checking for fcntl.h
configure:3759: result: yes
configure:3773: checking for setitimer
configure:3773: gcc -o conftest -g -O2   conftest.c  >&5
configure:3773: $? = 0
configure:3773: result: yes
configure:3773: checking for sysconf
configure:3773: gcc -o conftest -g -O2   conftest.c  >&5
configure:3773: $? = 0
configure:3773: result: yes
configure:3786: checking value of SIG_DFL
configure:3791: gcc -o conftest -g -O2   conftest.c  >&5
conftest.c: In function 'longval':
conftest.c:61:37: error: 'SIG_DFL' undeclared (first use in this function)
 static long int longval () { return SIG_DFL; }
                                     ^
conftest.c:61:37: note: each undeclared identifier is reported only once for each function it appears in
conftest.c: In function 'ulongval':
conftest.c:62:47: error: 'SIG_DFL' undeclared (first use in this function)
 static unsigned long int ulongval () { return SIG_DFL; }
                                               ^
conftest.c: In function 'main':
conftest.c:72:8: error: 'SIG_DFL' undeclared (first use in this function)
   if ((SIG_DFL) < 0)
        ^
configure:3791: $? = 1
configure: program exited with status 1
configure: failed program was:
| /* confdefs.h */
| #define PACKAGE_NAME "Haskell process package"
| #define PACKAGE_TARNAME "process"
| #define PACKAGE_VERSION "1.0"
| #define PACKAGE_STRING "Haskell process package 1.0"
| #define PACKAGE_BUGREPORT "libraries@haskell.org"
| #define PACKAGE_URL ""
| #define STDC_HEADERS 1
| #define HAVE_SYS_TYPES_H 1
| #define HAVE_SYS_STAT_H 1
| #define HAVE_STDLIB_H 1
| #define HAVE_STRING_H 1
| #define HAVE_MEMORY_H 1
| #define HAVE_STRINGS_H 1
| #define HAVE_INTTYPES_H 1
| #define HAVE_STDINT_H 1
| #define HAVE_UNISTD_H 1
| #define HAVE_FORK 1
| #define HAVE_VFORK 1
| #define HAVE_WORKING_VFORK 1
| #define HAVE_WORKING_FORK 1
| #define HAVE_SIGNAL_H 1
| #define HAVE_SYS_WAIT_H 1
| #define HAVE_FCNTL_H 1
| #define HAVE_SETITIMER 1
| #define HAVE_SYSCONF 1
| /* end confdefs.h.  */
| #include <stdio.h>
| #ifdef HAVE_SYS_TYPES_H
| # include <sys/types.h>
| #endif
| #ifdef HAVE_SYS_STAT_H
| # include <sys/stat.h>
| #endif
| #ifdef STDC_HEADERS
| # include <stdlib.h>
| # include <stddef.h>
| #else
| # ifdef HAVE_STDLIB_H
| #  include <stdlib.h>
| # endif
| #endif
| #ifdef HAVE_STRING_H
| # if !defined STDC_HEADERS && defined HAVE_MEMORY_H
| #  include <memory.h>
| # endif
| # include <string.h>
| #endif
| #ifdef HAVE_STRINGS_H
| # include <strings.h>
| #endif
| #ifdef HAVE_INTTYPES_H
| # include <inttypes.h>
| #endif
| #ifdef HAVE_STDINT_H
| # include <stdint.h>
| #endif
| #ifdef HAVE_UNISTD_H
| # include <unistd.h>
| #endif
| static long int longval () { return SIG_DFL; }
| static unsigned long int ulongval () { return SIG_DFL; }
| #include <stdio.h>
| #include <stdlib.h>
| int
| main ()
| {
| 
|   FILE *f = fopen ("conftest.val", "w");
|   if (! f)
|     return 1;
|   if ((SIG_DFL) < 0)
|     {
|       long int i = longval ();
|       if (i != (SIG_DFL))
| 	return 1;
|       fprintf (f, "%ld", i);
|     }
|   else
|     {
|       unsigned long int i = ulongval ();
|       if (i != (SIG_DFL))
| 	return 1;
|       fprintf (f, "%lu", i);
|     }
|   /* Do not output a trailing newline, as this causes \r\n confusion
|      on some platforms.  */
|   return ferror (f) || fclose (f) != 0;
| 
|   ;
|   return 0;
| }
configure:3801: result: -1
configure:3786: checking value of SIG_IGN
configure:3791: gcc -o conftest -g -O2   conftest.c  >&5
conftest.c: In function 'longval':
conftest.c:62:37: error: 'SIG_IGN' undeclared (first use in this function)
 static long int longval () { return SIG_IGN; }
                                     ^
conftest.c:62:37: note: each undeclared identifier is reported only once for each function it appears in
conftest.c: In function 'ulongval':
conftest.c:63:47: error: 'SIG_IGN' undeclared (first use in this function)
 static unsigned long int ulongval () { return SIG_IGN; }
                                               ^
conftest.c: In function 'main':
conftest.c:73:8: error: 'SIG_IGN' undeclared (first use in this function)
   if ((SIG_IGN) < 0)
        ^
configure:3791: $? = 1
configure: program exited with status 1
configure: failed program was:
| /* confdefs.h */
| #define PACKAGE_NAME "Haskell process package"
| #define PACKAGE_TARNAME "process"
| #define PACKAGE_VERSION "1.0"
| #define PACKAGE_STRING "Haskell process package 1.0"
| #define PACKAGE_BUGREPORT "libraries@haskell.org"
| #define PACKAGE_URL ""
| #define STDC_HEADERS 1
| #define HAVE_SYS_TYPES_H 1
| #define HAVE_SYS_STAT_H 1
| #define HAVE_STDLIB_H 1
| #define HAVE_STRING_H 1
| #define HAVE_MEMORY_H 1
| #define HAVE_STRINGS_H 1
| #define HAVE_INTTYPES_H 1
| #define HAVE_STDINT_H 1
| #define HAVE_UNISTD_H 1
| #define HAVE_FORK 1
| #define HAVE_VFORK 1
| #define HAVE_WORKING_VFORK 1
| #define HAVE_WORKING_FORK 1
| #define HAVE_SIGNAL_H 1
| #define HAVE_SYS_WAIT_H 1
| #define HAVE_FCNTL_H 1
| #define HAVE_SETITIMER 1
| #define HAVE_SYSCONF 1
| #define CONST_SIG_DFL -1
| /* end confdefs.h.  */
| #include <stdio.h>
| #ifdef HAVE_SYS_TYPES_H
| # include <sys/types.h>
| #endif
| #ifdef HAVE_SYS_STAT_H
| # include <sys/stat.h>
| #endif
| #ifdef STDC_HEADERS
| # include <stdlib.h>
| # include <stddef.h>
| #else
| # ifdef HAVE_STDLIB_H
| #  include <stdlib.h>
| # endif
| #endif
| #ifdef HAVE_STRING_H
| # if !defined STDC_HEADERS && defined HAVE_MEMORY_H
| #  include <memory.h>
| # endif
| # include <string.h>
| #endif
| #ifdef HAVE_STRINGS_H
| # include <strings.h>
| #endif
| #ifdef HAVE_INTTYPES_H
| # include <inttypes.h>
| #endif
| #ifdef HAVE_STDINT_H
| # include <stdint.h>
| #endif
| #ifdef HAVE_UNISTD_H
| # include <unistd.h>
| #endif
| static long int longval () { return SIG_IGN; }
| static unsigned long int ulongval () { return SIG_IGN; }
| #include <stdio.h>
| #include <stdlib.h>
| int
| main ()
| {
| 
|   FILE *f = fopen ("conftest.val", "w");
|   if (! f)
|     return 1;
|   if ((SIG_IGN) < 0)
|     {
|       long int i = longval ();
|       if (i != (SIG_IGN))
| 	return 1;
|       fprintf (f, "%ld", i);
|     }
|   else
|     {
|       unsigned long int i = ulongval ();
|       if (i != (SIG_IGN))
| 	return 1;
|       fprintf (f, "%lu", i);
|     }
|   /* Do not output a trailing newline, as this causes \r\n confusion
|      on some platforms.  */
|   return ferror (f) || fclose (f) != 0;
| 
|   ;
|   return 0;
| }
configure:3801: result: -1
configure:3924: creating ./config.status

## ---------------------- ##
## Running config.status. ##
## ---------------------- ##

This file was extended by Haskell process package config.status 1.0, which was
generated by GNU Autoconf 2.69.  Invocation command line was

  CONFIG_FILES    = 
  CONFIG_HEADERS  = 
  CONFIG_LINKS    = 
  CONFIG_COMMANDS = 
  $ ./config.status 

on localhost

config.status:685: creating include/HsProcessConfig.h
config.status:775: include/HsProcessConfig.h is unchanged

## ---------------- ##
## Cache variables. ##
## ---------------- ##

ac_cv_c_compiler_gnu=yes
ac_cv_env_CC_set=
ac_cv_env_CC_value=
ac_cv_env_CFLAGS_set=
ac_cv_env_CFLAGS_value=
ac_cv_env_CPPFLAGS_set=
ac_cv_env_CPPFLAGS_value=
ac_cv_env_CPP_set=
ac_cv_env_CPP_value=
ac_cv_env_LDFLAGS_set=
ac_cv_env_LDFLAGS_value=
ac_cv_env_LIBS_set=
ac_cv_env_LIBS_value=
ac_cv_env_build_alias_set=
ac_cv_env_build_alias_value=
ac_cv_env_host_alias_set=
ac_cv_env_host_alias_value=
ac_cv_env_target_alias_set=
ac_cv_env_target_alias_value=
ac_cv_func_fork=yes
ac_cv_func_fork_works=yes
ac_cv_func_setitimer=yes
ac_cv_func_sysconf=yes
ac_cv_func_vfork=yes
ac_cv_func_vfork_works=yes
ac_cv_header_fcntl_h=yes
ac_cv_header_inttypes_h=yes
ac_cv_header_memory_h=yes
ac_cv_header_signal_h=yes
ac_cv_header_stdc=yes
ac_cv_header_stdint_h=yes
ac_cv_header_stdlib_h=yes
ac_cv_header_string_h=yes
ac_cv_header_strings_h=yes
ac_cv_header_sys_stat_h=yes
ac_cv_header_sys_types_h=yes
ac_cv_header_sys_wait_h=yes
ac_cv_header_unistd_h=yes
ac_cv_header_vfork_h=no
ac_cv_objext=o
ac_cv_path_EGREP='/bin/grep -E'
ac_cv_path_GREP=/bin/grep
ac_cv_prog_CPP='gcc -E'
ac_cv_prog_ac_ct_CC=gcc
ac_cv_prog_cc_c89=
ac_cv_prog_cc_g=yes
ac_cv_type_pid_t=yes
fp_cv_const_SIG_DFL=-1
fp_cv_const_SIG_IGN=-1

## ----------------- ##
## Output variables. ##
## ----------------- ##

CC='gcc'
CFLAGS='-g -O2'
CPP='gcc -E'
CPPFLAGS=''
DEFS='-DHAVE_CONFIG_H'
ECHO_C=''
ECHO_N='-n'
ECHO_T=''
EGREP='/bin/grep -E'
EXEEXT=''
GREP='/bin/grep'
LDFLAGS=''
LIBOBJS=''
LIBS=''
LTLIBOBJS=''
OBJEXT='o'
PACKAGE_BUGREPORT='libraries@haskell.org'
PACKAGE_NAME='Haskell process package'
PACKAGE_STRING='Haskell process package 1.0'
PACKAGE_TARNAME='process'
PACKAGE_URL=''
PACKAGE_VERSION='1.0'
PATH_SEPARATOR=':'
SHELL='/bin/bash'
ac_ct_CC='gcc'
bindir='${exec_prefix}/bin'
build_alias=''
datadir='${datarootdir}'
datarootdir='${prefix}/share'
docdir='${datarootdir}/doc/${PACKAGE_TARNAME}'
dvidir='${docdir}'
exec_prefix='${prefix}'
host_alias=''
htmldir='${docdir}'
includedir='${prefix}/include'
infodir='${datarootdir}/info'
libdir='${exec_prefix}/lib'
libexecdir='${exec_prefix}/libexec'
localedir='${datarootdir}/locale'
localstatedir='${prefix}/var'
mandir='${datarootdir}/man'
oldincludedir='/usr/include'
pdfdir='${docdir}'
prefix='/usr/local'
program_transform_name='s,x,x,'
psdir='${docdir}'
sbindir='${exec_prefix}/sbin'
sharedstatedir='${prefix}/com'
sysconfdir='${prefix}/etc'
target_alias=''

## ----------- ##
## confdefs.h. ##
## ----------- ##

/* confdefs.h */
#define PACKAGE_NAME "Haskell process package"
#define PACKAGE_TARNAME "process"
#define PACKAGE_VERSION "1.0"
#define PACKAGE_STRING "Haskell process package 1.0"
#define PACKAGE_BUGREPORT "libraries@haskell.org"
#define PACKAGE_URL ""
#define STDC_HEADERS 1
#define HAVE_SYS_TYPES_H 1
#define HAVE_SYS_STAT_H 1
#define HAVE_STDLIB_H 1
#define HAVE_STRING_H 1
#define HAVE_MEMORY_H 1
#define HAVE_STRINGS_H 1
#define HAVE_INTTYPES_H 1
#define HAVE_STDINT_H 1
#define HAVE_UNISTD_H 1
#define HAVE_FORK 1
#define HAVE_VFORK 1
#define HAVE_WORKING_VFORK 1
#define HAVE_WORKING_FORK 1
#define HAVE_SIGNAL_H 1
#define HAVE_SYS_WAIT_H 1
#define HAVE_FCNTL_H 1
#define HAVE_SETITIMER 1
#define HAVE_SYSCONF 1
#define CONST_SIG_DFL -1
#define CONST_SIG_IGN -1

configure: exit 0
